\BOOKMARK [0][-]{chapter*.2}{Sommaire}{}% 1
\BOOKMARK [0][-]{chapter*.3}{Table des figures}{}% 2
\BOOKMARK [0][-]{chapter*.4}{Introduction}{}% 3
\BOOKMARK [-1][-]{part.1}{I Bibliographie}{}% 4
\BOOKMARK [0][-]{chapter.1}{Effet d'\351chelle}{part.1}% 5
\BOOKMARK [1][-]{section.1.1}{Introduction}{chapter.1}% 6
\BOOKMARK [1][-]{section.1.2}{Loi en puissance}{chapter.1}% 7
\BOOKMARK [1][-]{section.1.3}{Analyse asymptotique dans les poutres entaill\351es}{chapter.1}% 8
\BOOKMARK [1][-]{section.1.4}{Effet d'\351chelle \340 l'amorcage de la fissure}{chapter.1}% 9
\BOOKMARK [1][-]{section.1.5}{Effet d'echelle en flexion trois points}{chapter.1}% 10
\BOOKMARK [0][-]{chapter.2}{Energie de fissuration}{part.1}% 11
\BOOKMARK [1][-]{section.2.1}{Taux de restitution d'energie}{chapter.2}% 12
\BOOKMARK [1][-]{section.2.2}{M\351thode de d\351termination}{chapter.2}% 13
\BOOKMARK [0][-]{chapter.3}{correlation d'image}{part.1}% 14
\BOOKMARK [1][-]{section.3.1}{Introduction}{chapter.3}% 15
\BOOKMARK [1][-]{section.3.2}{Principe}{chapter.3}% 16
\BOOKMARK [1][-]{section.3.3}{Discr\351tisation par \351l\351ments finis \(Correli Q4\)}{chapter.3}% 17
\BOOKMARK [-1][-]{part.2}{II Proc\351dure exp\351rimentale}{}% 18
\BOOKMARK [0][-]{chapter.4}{Les \351chantillons}{part.2}% 19
\BOOKMARK [1][-]{section.4.1}{Description du mat\351riau}{chapter.4}% 20
\BOOKMARK [1][-]{section.4.2}{G\351om\351trie des \351prouvettes}{chapter.4}% 21
\BOOKMARK [1][-]{section.4.3}{Coffrages}{chapter.4}% 22
\BOOKMARK [1][-]{section.4.4}{Mat\351riel et \351quipement}{chapter.4}% 23
\BOOKMARK [0][-]{chapter.5}{Essai F3P \(flexion trois points\)}{part.2}% 24
\BOOKMARK [1][-]{section.5.1}{Introduction}{chapter.5}% 25
\BOOKMARK [1][-]{section.5.2}{Machine d'essai: la MTS TTC Melo}{chapter.5}% 26
\BOOKMARK [1][-]{section.5.3}{Pilotage / Instruments de mesure}{chapter.5}% 27
\BOOKMARK [-1][-]{part.3}{III \311tude num\351riques}{}% 28
\BOOKMARK [0][-]{chapter.6}{Mod\351lisation}{part.3}% 29
\BOOKMARK [1][-]{section.6.1}{Mode de calcule}{chapter.6}% 30
\BOOKMARK [1][-]{section.6.2}{Param\350tres mat\351riau}{chapter.6}% 31
\BOOKMARK [1][-]{section.6.3}{Maillages}{chapter.6}% 32
\BOOKMARK [1][-]{section.6.4}{R\351sultats}{chapter.6}% 33
\BOOKMARK [-1][-]{part.4}{IV R\351sultats et analyse exp\351rimentale}{}% 34
\BOOKMARK [0][-]{chapter.7}{Identification des param\350tres m\351caniques}{part.4}% 35
\BOOKMARK [1][-]{section.7.1}{Proc\351dure}{chapter.7}% 36
\BOOKMARK [1][-]{section.7.2}{Mesures}{chapter.7}% 37
\BOOKMARK [0][-]{chapter.8}{Les essais}{part.4}% 38
\BOOKMARK [1][-]{section.8.1}{montage}{chapter.8}% 39
\BOOKMARK [1][-]{section.8.2}{R\351sultats}{chapter.8}% 40
\BOOKMARK [0][-]{chapter*.8}{Bibliographie}{part.4}% 41
\BOOKMARK [0][-]{appendix.A}{}{part.4}% 42
\BOOKMARK [1][-]{section.A.1}{Notation}{appendix.A}% 43
