\BOOKMARK [0][-]{chapter*.2}{Table des mati\350res}{}% 1
\BOOKMARK [0][-]{chapter*.3}{Table des figures}{}% 2
\BOOKMARK [0][-]{chapter*.4}{Liste des tableaux}{}% 3
\BOOKMARK [0][-]{chapter*.5}{Introduction}{}% 4
\BOOKMARK [-1][-]{part.1}{I Etude bibliographique}{}% 5
\BOOKMARK [0][-]{chapter.1}{Effet d'\351chelle}{part.1}% 6
\BOOKMARK [1][-]{section.1.1}{Introduction}{chapter.1}% 7
\BOOKMARK [1][-]{section.1.2}{Loi en puissance}{chapter.1}% 8
\BOOKMARK [1][-]{section.1.3}{Analyse asymptotique dans les poutres entaill\351es}{chapter.1}% 9
\BOOKMARK [1][-]{section.1.4}{Effet d'\351chelle \340 l'amorcage de la fissure}{chapter.1}% 10
\BOOKMARK [1][-]{section.1.5}{Validation des lois d'effet d'\351chelle}{chapter.1}% 11
\BOOKMARK [0][-]{chapter.2}{Energie de fissuration}{part.1}% 12
\BOOKMARK [1][-]{section.2.1}{Taux de restitution d'energie}{chapter.2}% 13
\BOOKMARK [1][-]{section.2.2}{M\351thode de d\351termination avec les effets d'\351chelle}{chapter.2}% 14
\BOOKMARK [0][-]{chapter.3}{Correlation d'image}{part.1}% 15
\BOOKMARK [1][-]{section.3.1}{Introduction}{chapter.3}% 16
\BOOKMARK [1][-]{section.3.2}{Principe}{chapter.3}% 17
\BOOKMARK [1][-]{section.3.3}{Discr\351tisation par \351l\351ments finis \(Correli Q4\)}{chapter.3}% 18
\BOOKMARK [-1][-]{part.2}{II Proc\351dure exp\351rimentale}{}% 19
\BOOKMARK [0][-]{chapter.4}{Les \351chantillons}{part.2}% 20
\BOOKMARK [1][-]{section.4.1}{Description du mat\351riau}{chapter.4}% 21
\BOOKMARK [1][-]{section.4.2}{G\351om\351trie des \351prouvettes}{chapter.4}% 22
\BOOKMARK [1][-]{section.4.3}{Coffrages}{chapter.4}% 23
\BOOKMARK [1][-]{section.4.4}{Mat\351riel et \351quipement}{chapter.4}% 24
\BOOKMARK [0][-]{chapter.5}{Conception d'une g\342ch\351e}{part.2}% 25
\BOOKMARK [1][-]{section.5.1}{pr\351paration des coffres}{chapter.5}% 26
\BOOKMARK [1][-]{section.5.2}{Malaxage}{chapter.5}% 27
\BOOKMARK [1][-]{section.5.3}{Moulage}{chapter.5}% 28
\BOOKMARK [0][-]{chapter.6}{Essai F3P \(flexion trois points\)}{part.2}% 29
\BOOKMARK [1][-]{section.6.1}{Introduction}{chapter.6}% 30
\BOOKMARK [1][-]{section.6.2}{Machine d'essai: la MTS TTC Melo}{chapter.6}% 31
\BOOKMARK [1][-]{section.6.3}{Pilotage}{chapter.6}% 32
\BOOKMARK [-1][-]{part.3}{III \311tude num\351riques}{}% 33
\BOOKMARK [0][-]{chapter.7}{Mod\351lisation}{part.3}% 34
\BOOKMARK [1][-]{section.7.1}{Mod\350le de calcule}{chapter.7}% 35
\BOOKMARK [1][-]{section.7.2}{Param\350tres mat\351riau}{chapter.7}% 36
\BOOKMARK [1][-]{section.7.3}{Maillages}{chapter.7}% 37
\BOOKMARK [1][-]{section.7.4}{R\351sultats}{chapter.7}% 38
\BOOKMARK [-1][-]{part.4}{IV R\351sultats et analyse exp\351rimentale}{}% 39
\BOOKMARK [0][-]{chapter.8}{Identification des param\350tres m\351caniques}{part.4}% 40
\BOOKMARK [1][-]{section.8.1}{Proc\351dure}{chapter.8}% 41
\BOOKMARK [1][-]{section.8.2}{Mesures}{chapter.8}% 42
\BOOKMARK [0][-]{chapter.9}{Les essais}{part.4}% 43
\BOOKMARK [1][-]{section.9.1}{Montage}{chapter.9}% 44
\BOOKMARK [1][-]{section.9.2}{R\351sultats}{chapter.9}% 45
\BOOKMARK [1][-]{section.9.3}{Analyse par la loi d'effets d'\351chelle}{chapter.9}% 46
\BOOKMARK [2][-]{subsection.9.3.1}{La loi intrins\350que d'effet d'\351chelle pour les poutres entaill\351es}{section.9.3}% 47
\BOOKMARK [2][-]{subsection.9.3.2}{La loi d'effet d'\351chelle pour les poutres non-entaill\351es}{section.9.3}% 48
\BOOKMARK [2][-]{subsection.9.3.3}{La loi universelle d'effet d'\351chelle}{section.9.3}% 49
\BOOKMARK [1][-]{section.9.4}{Analyse par correlation d'image}{chapter.9}% 50
\BOOKMARK [1][-]{section.9.5}{Conclusion}{chapter.9}% 51
\BOOKMARK [-1][-]{part.5}{V Bibliographie et Annexe}{}% 52
\BOOKMARK [0][-]{chapter*.9}{Bibliographie}{part.5}% 53
\BOOKMARK [0][-]{appendix.A}{}{part.5}% 54
\BOOKMARK [1][-]{section.A.1}{Les coffres}{appendix.A}% 55
\BOOKMARK [1][-]{section.A.2}{Les machines}{appendix.A}% 56
\BOOKMARK [1][-]{section.A.3}{Les capteurs}{appendix.A}% 57
\BOOKMARK [1][-]{section.A.4}{Code CASTEM de la poutre avec une erreur de conception}{appendix.A}% 58
