(06/12/2013 14:17:10) Warning [MPT/Data Limit] "Déclenchement de limite supérieure sur 'Temps'."
(06/12/2013 14:17:51) Information [MPT Message Log] "
'c:\mts 793\projects\project1\mpt\specimens\christian\specimen.log' enregistré dans 'c:\mts 793\projects\project1\mpt\specimens\christian\specimen005.log'."
(06/12/2013 14:17:10) Warning [MPT/Data Limit] "Processus de limite de données terminé"
(06/12/2013 14:17:21) Warning [MPT/Data Limit] "Déclenchement de limite supérieure sur 'Temps'."
(06/12/2013 14:17:21) Warning [MPT/Data Limit] "Processus de limite de données terminé"
(06/12/2013 14:17:31) Warning [MPT/Data Limit] "Déclenchement de limite supérieure sur 'Temps'."
(06/12/2013 14:17:31) Warning [MPT/Data Limit] "Processus de limite de données terminé"
(06/12/2013 14:17:42) Warning [MPT/Data Limit] "Déclenchement de limite supérieure sur 'Temps'."
(06/12/2013 14:17:42) Warning [MPT/Data Limit] "Processus de limite de données terminé"
(06/12/2013 14:17:52) Warning [MPT/Data Limit] "Déclenchement de limite supérieure sur 'Temps'."
(06/12/2013 14:17:52) Warning [MPT/Data Limit] "Processus de limite de données terminé"
(06/12/2013 14:18:03) Warning [MPT/Data Limit] "Déclenchement de limite supérieure sur 'Temps'."
(06/12/2013 14:18:03) Warning [MPT/Data Limit] "Processus de limite de données terminé"
(06/12/2013 14:18:14) Warning [MPT/Data Limit] "Déclenchement de limite supérieure sur 'Temps'."
(06/12/2013 14:18:14) Warning [MPT/Data Limit] "Processus de limite de données terminé"
(06/12/2013 14:18:24) Warning [MPT/Data Limit] "Déclenchement de limite supérieure sur 'Temps'."
(06/12/2013 14:18:24) Warning [MPT/Data Limit] "Processus de limite de données terminé"
(06/12/2013 14:18:35) Warning [MPT/Data Limit] "Déclenchement de limite supérieure sur 'Temps'."
(06/12/2013 14:18:35) Warning [MPT/Data Limit] "Processus de limite de données terminé"
(06/12/2013 14:18:45) Warning [MPT/Data Limit] "Déclenchement de limite supérieure sur 'Temps'."
(06/12/2013 14:18:45) Warning [MPT/Data Limit] "Processus de limite de données terminé"
(06/12/2013 14:18:56) Warning [MPT/Data Limit] "Déclenchement de limite supérieure sur 'Temps'."
(06/12/2013 14:18:56) Warning [MPT/Data Limit] "Processus de limite de données terminé"
(06/12/2013 14:19:07) Warning [MPT/Data Limit] "Déclenchement de limite supérieure sur 'Temps'."
(06/12/2013 14:19:07) Warning [MPT/Data Limit] "Processus de limite de données terminé"
(06/12/2013 14:19:17) Warning [MPT/Data Limit] "Déclenchement de limite supérieure sur 'Temps'."
(06/12/2013 14:19:17) Warning [MPT/Data Limit] "Processus de limite de données terminé"
(06/12/2013 14:19:28) Warning [MPT/Data Limit] "Déclenchement de limite supérieure sur 'Temps'."
(06/12/2013 14:19:28) Warning [MPT/Data Limit] "Processus de limite de données terminé"
(06/12/2013 14:19:38) Warning [MPT/Data Limit] "Déclenchement de limite supérieure sur 'Temps'."
(06/12/2013 14:19:38) Warning [MPT/Data Limit] "Processus de limite de données terminé"
(06/12/2013 14:19:49) Warning [MPT/Data Limit] "Déclenchement de limite supérieure sur 'Temps'."
(06/12/2013 14:19:49) Warning [MPT/Data Limit] "Processus de limite de données terminé"
(06/12/2013 14:19:53) Information [MPT Runtime] "Saisie interrompue"
(06/12/2013 14:19:53) Information [MPT Runtime] "Arrêté
 Temps d'exécution :  00:16:19 
 Compteurs de canaux :
    Axial -          0  Cycles"
(06/12/2013 14:42:50) Information [MPT Runtime] "RAZ procédure"
(06/12/2013 14:49:29) Information [Stmgr] "Application de pilotage -- Station Manager"
(06/12/2013 14:49:32) Information [Stmgr] "Application de pilotage -- MPT"
(06/12/2013 14:55:12) Warning [Stmgr] "Sécurité programme (J29)."
(06/12/2013 14:55:12) Warning [Stmgr] "Arrêt du programme Interlock 1 -- Inter-verrouillage de matériel extérieur."
(06/12/2013 14:55:12) Warning [Stmgr] "pont Interlock 1 -- Inter-verrouillage de matériel extérieur."
(06/12/2013 16:04:57) Information [MPT Runtime] "Début de la procédure: Charge-CMOD2.000"
(06/12/2013 16:04:57) Information [MPT Runtime] "Marche"
(06/12/2013 16:05:07) Warning [MPT/Data Limit] "Déclenchement de limite supérieure sur 'Temps'."
(06/12/2013 16:05:07) Warning [MPT/Data Limit] "Processus de limite de données terminé"
(06/12/2013 16:05:17) Warning [MPT/Data Limit] "Déclenchement de limite supérieure sur 'Temps'."
(06/12/2013 16:05:17) Warning [MPT/Data Limit] "Processus de limite de données terminé"
(06/12/2013 16:05:28) Warning [MPT/Data Limit] "Déclenchement de limite supérieure sur 'Temps'."
(06/12/2013 16:05:28) Warning [MPT/Data Limit] "Processus de limite de données terminé"
(06/12/2013 16:05:39) Warning [MPT/Data Limit] "Déclenchement de limite supérieure sur 'Temps'."
(06/12/2013 16:05:39) Warning [MPT/Data Limit] "Processus de limite de données terminé"
(06/12/2013 16:05:49) Warning [MPT/Data Limit] "Déclenchement de limite supérieure sur 'Temps'."
(06/12/2013 16:05:49) Warning [MPT/Data Limit] "Processus de limite de données terminé"
(06/12/2013 16:06:00) Warning [MPT/Data Limit] "Déclenchement de limite supérieure sur 'Temps'."
(06/12/2013 16:06:00) Warning [MPT/Data Limit] "Processus de limite de données terminé"
(06/12/2013 16:06:10) Warning [MPT/Data Limit] "Déclenchement de limite supérieure sur 'Temps'."
(06/12/2013 16:06:10) Warning [MPT/Data Limit] "Processus de limite de données terminé"
(06/12/2013 16:06:21) Warning [MPT/Data Limit] "Déclenchement de limite supérieure sur 'Temps'."
(06/12/2013 16:06:21) Warning [MPT/Data Limit] "Processus de limite de données terminé"
(06/12/2013 16:06:32) Warning [MPT/Data Limit] "Déclenchement de limite supérieure sur 'Temps'."
(06/12/2013 16:06:32) Warning [MPT/Data Limit] "Processus de limite de données terminé"
(06/12/2013 16:06:42) Warning [MPT/Data Limit] "Déclenchement de limite supérieure sur 'Temps'."
(06/12/2013 16:06:42) Warning [MPT/Data Limit] "Processus de limite de données terminé"
(06/12/2013 16:06:53) Warning [MPT/Data Limit] "Déclenchement de limite supérieure sur 'Temps'."
(06/12/2013 16:06:53) Warning [MPT/Data Limit] "Processus de limite de données terminé"
(06/12/2013 16:07:03) Warning [MPT/Data Limit] "Déclenchement de limite supérieure sur 'Temps'."
(06/12/2013 16:07:03) Warning [MPT/Data Limit] "Processus de limite de données terminé"
(06/12/2013 16:07:14) Warning [MPT/Data Limit] "Déclenchement de limite supérieure sur 'Temps'."
(06/12/2013 16:07:14) Warning [MPT/Data Limit] "Processus de limite de données terminé"
(06/12/2013 16:07:25) Warning [MPT/Data Limit] "Déclenchement de limite supérieure sur 'Temps'."
(06/12/2013 16:07:25) Warning [MPT/Data Limit] "Processus de limite de données terminé"
(06/12/2013 16:07:35) Warning [MPT/Data Limit] "Déclenchement de limite supérieure sur 'Temps'."
(06/12/2013 16:07:35) Warning [MPT/Data Limit] "Processus de limite de données terminé"
(06/12/2013 16:07:46) Warning [MPT/Data Limit] "Déclenchement de limite supérieure sur 'Temps'."
(06/12/2013 16:07:46) Warning [MPT/Data Limit] "Processus de limite de données terminé"
(06/12/2013 16:07:57) Warning [MPT/Data Limit] "Déclenchement de limite supérieure sur 'Temps'."
(06/12/2013 16:07:57) Warning [MPT/Data Limit] "Processus de limite de données terminé"
(06/12/2013 16:08:02) Information [MPT Runtime] "Saisie interrompue"
(06/12/2013 16:08:02) Information [MPT Runtime] "Arrêté
 Temps d'exécution :  00:03:05 
 Compteurs de canaux :
    Axial -          0  Cycles"
(06/12/2013 16:08:08) Warning [Stmgr] "Sécurité programme (J29)."
(06/12/2013 16:08:08) Warning [Stmgr] "Arrêt du programme Interlock 1 -- Inter-verrouillage de matériel extérieur."
(06/12/2013 16:08:08) Warning [Stmgr] "pont Interlock 1 -- Inter-verrouillage de matériel extérieur."
(06/12/2013 16:09:21) Information [MPT Runtime] "Sortie interrompue"
(06/12/2013 16:09:21) Warning [MPT/Data Limit] "Déclenchement de limite supérieure sur 'Temps'."
(06/12/2013 16:09:21) Warning [MPT/Data Limit] "Processus de limite de données terminé"
(06/12/2013 16:09:21) Information [MPT Runtime] "Marche"
(06/12/2013 16:09:31) Warning [MPT/Data Limit] "Déclenchement de limite supérieure sur 'Temps'."
(06/12/2013 16:09:31) Warning [MPT/Data Limit] "Processus de limite de données terminé"
(06/12/2013 16:09:42) Warning [MPT/Data Limit] "Déclenchement de limite supérieure sur 'Temps'."
(06/12/2013 16:09:42) Warning [MPT/Data Limit] "Processus de limite de données terminé"
(06/12/2013 16:09:53) Warning [MPT/Data Limit] "Déclenchement de limite supérieure sur 'Temps'."
(06/12/2013 16:09:53) Warning [MPT/Data Limit] "Processus de limite de données terminé"
(06/12/2013 16:10:03) Warning [MPT/Data Limit] "Déclenchement de limite supérieure sur 'Temps'."
(06/12/2013 16:10:03) Warning [MPT/Data Limit] "Processus de limite de données terminé"
(06/12/2013 16:10:14) Warning [MPT/Data Limit] "Déclenchement de limite supérieure sur 'Temps'."
(06/12/2013 16:10:14) Warning [MPT/Data Limit] "Processus de limite de données terminé"
(06/12/2013 16:10:24) Warning [MPT/Data Limit] "Déclenchement de limite supérieure sur 'Temps'."
(06/12/2013 16:10:24) Warning [MPT/Data Limit] "Processus de limite de données terminé"
(06/12/2013 16:10:35) Warning [MPT/Data Limit] "Déclenchement de limite supérieure sur 'Temps'."
(06/12/2013 16:10:35) Warning [MPT/Data Limit] "Processus de limite de données terminé"
(06/12/2013 16:10:46) Warning [MPT/Data Limit] "Déclenchement de limite supérieure sur 'Temps'."
(06/12/2013 16:10:46) Warning [MPT/Data Limit] "Processus de limite de données terminé"
(06/12/2013 16:10:56) Warning [MPT/Data Limit] "Déclenchement de limite supérieure sur 'Temps'."
(06/12/2013 16:10:56) Warning [MPT/Data Limit] "Processus de limite de données terminé"
(06/12/2013 16:11:07) Warning [MPT/Data Limit] "Déclenchement de limite supérieure sur 'Temps'."
(06/12/2013 16:11:07) Warning [MPT/Data Limit] "Processus de limite de données terminé"
(06/12/2013 16:11:18) Warning [MPT/Data Limit] "Déclenchement de limite supérieure sur 'Temps'."
(06/12/2013 16:11:18) Warning [MPT/Data Limit] "Processus de limite de données terminé"
(06/12/2013 16:11:28) Warning [MPT/Data Limit] "Déclenchement de limite supérieure sur 'Temps'."
(06/12/2013 16:11:28) Warning [MPT/Data Limit] "Processus de limite de données terminé"
(06/12/2013 16:11:39) Warning [MPT/Data Limit] "Déclenchement de limite supérieure sur 'Temps'."
(06/12/2013 16:11:39) Warning [MPT/Data Limit] "Processus de limite de données terminé"
(06/12/2013 16:11:49) Warning [MPT/Data Limit] "Déclenchement de limite supérieure sur 'Temps'."
(06/12/2013 16:11:49) Warning [MPT/Data Limit] "Processus de limite de données terminé"
(06/12/2013 16:12:00) Warning [MPT/Data Limit] "Déclenchement de limite supérieure sur 'Temps'."
(06/12/2013 16:12:00) Warning [MPT/Data Limit] "Processus de limite de données terminé"
(06/12/2013 16:12:11) Warning [MPT/Data Limit] "Déclenchement de limite supérieure sur 'Temps'."
(06/12/2013 16:12:11) Warning [MPT/Data Limit] "Processus de limite de données terminé"
(06/12/2013 16:12:21) Warning [MPT/Data Limit] "Déclenchement de limite supérieure sur 'Temps'."
(06/12/2013 16:12:21) Warning [MPT/Data Limit] "Processus de limite de données terminé"
(06/12/2013 16:12:32) Warning [MPT/Data Limit] "Déclenchement de limite supérieure sur 'Temps'."
(06/12/2013 16:12:32) Warning [MPT/Data Limit] "Processus de limite de données terminé"
(06/12/2013 16:12:42) Warning [MPT/Data Limit] "Déclenchement de limite supérieure sur 'Temps'."
(06/12/2013 16:12:42) Warning [MPT/Data Limit] "Processus de limite de données terminé"
(06/12/2013 16:12:45) Information [MPT Runtime] "Saisie interrompue"
(06/12/2013 16:12:46) Information [MPT Runtime] "Arrêté
 Temps d'exécution :  00:06:30 
 Compteurs de canaux :
    Axial -          0  Cycles"
(06/12/2013 16:12:50) Information [MPT Runtime] "RAZ procédure"
(06/12/2013 16:17:34) Information [MPT Runtime] "Début de la procédure: Charge-CMOD2.000"
(06/12/2013 16:17:34) Information [MPT Runtime] "Marche"
(06/12/2013 16:17:44) Warning [MPT/Data Limit] "Déclenchement de limite supérieure sur 'Temps'."
(06/12/2013 16:17:44) Warning [MPT/Data Limit] "Processus de limite de données terminé"
(06/12/2013 16:17:55) Warning [MPT/Data Limit] "Déclenchement de limite supérieure sur 'Temps'."
(06/12/2013 16:17:55) Warning [MPT/Data Limit] "Processus de limite de données terminé"
(06/12/2013 16:18:06) Warning [MPT/Data Limit] "Déclenchement de limite supérieure sur 'Temps'."
(06/12/2013 16:18:06) Warning [MPT/Data Limit] "Processus de limite de données terminé"
(06/12/2013 16:18:16) Warning [MPT/Data Limit] "Déclenchement de limite supérieure sur 'Temps'."
(06/12/2013 16:18:16) Warning [MPT/Data Limit] "Processus de limite de données terminé"
(06/12/2013 16:18:27) Warning [MPT/Data Limit] "Déclenchement de limite supérieure sur 'Temps'."
(06/12/2013 16:18:27) Warning [MPT/Data Limit] "Processus de limite de données terminé"
(06/12/2013 16:18:37) Warning [MPT/Data Limit] "Déclenchement de limite supérieure sur 'Temps'."
(06/12/2013 16:18:37) Warning [MPT/Data Limit] "Processus de limite de données terminé"
(06/12/2013 16:18:48) Warning [MPT/Data Limit] "Déclenchement de limite supérieure sur 'Temps'."
(06/12/2013 16:18:48) Warning [MPT/Data Limit] "Processus de limite de données terminé"
(06/12/2013 16:18:59) Warning [MPT/Data Limit] "Déclenchement de limite supérieure sur 'Temps'."
(06/12/2013 16:18:59) Warning [MPT/Data Limit] "Processus de limite de données terminé"
(06/12/2013 16:19:09) Warning [MPT/Data Limit] "Déclenchement de limite supérieure sur 'Temps'."
(06/12/2013 16:19:09) Warning [MPT/Data Limit] "Processus de limite de données terminé"
(06/12/2013 16:19:20) Warning [MPT/Data Limit] "Déclenchement de limite supérieure sur 'Temps'."
(06/12/2013 16:19:20) Warning [MPT/Data Limit] "Processus de limite de données terminé"
(06/12/2013 16:19:30) Warning [MPT/Data Limit] "Déclenchement de limite supérieure sur 'Temps'."
(06/12/2013 16:19:30) Warning [MPT/Data Limit] "Processus de limite de données terminé"
(06/12/2013 16:19:41) Warning [MPT/Data Limit] "Déclenchement de limite supérieure sur 'Temps'."
(06/12/2013 16:19:41) Warning [MPT/Data Limit] "Processus de limite de données terminé"
(06/12/2013 16:19:52) Warning [MPT/Data Limit] "Déclenchement de limite supérieure sur 'Temps'."
(06/12/2013 16:19:52) Warning [MPT/Data Limit] "Processus de limite de données terminé"
(06/12/2013 16:20:02) Warning [MPT/Data Limit] "Déclenchement de limite supérieure sur 'Temps'."
(06/12/2013 16:20:02) Warning [MPT/Data Limit] "Processus de limite de données terminé"
(06/12/2013 16:20:13) Warning [MPT/Data Limit] "Déclenchement de limite supérieure sur 'Temps'."
(06/12/2013 16:20:13) Warning [MPT/Data Limit] "Processus de limite de données terminé"
(06/12/2013 16:20:23) Warning [MPT/Data Limit] "Déclenchement de limite supérieure sur 'Temps'."
(06/12/2013 16:20:23) Warning [MPT/Data Limit] "Processus de limite de données terminé"
(06/12/2013 16:20:34) Warning [MPT/Data Limit] "Déclenchement de limite supérieure sur 'Temps'."
(06/12/2013 16:20:34) Warning [MPT/Data Limit] "Processus de limite de données terminé"
(06/12/2013 16:20:45) Warning [MPT/Data Limit] "Déclenchement de limite supérieure sur 'Temps'."
(06/12/2013 16:20:45) Warning [MPT/Data Limit] "Processus de limite de données terminé"
(06/12/2013 16:20:55) Warning [MPT/Data Limit] "Déclenchement de limite supérieure sur 'Temps'."
(06/12/2013 16:20:55) Warning [MPT/Data Limit] "Processus de limite de données terminé"
(06/12/2013 16:21:06) Warning [MPT/Data Limit] "Déclenchement de limite supérieure sur 'Temps'."
(06/12/2013 16:21:06) Warning [MPT/Data Limit] "Processus de limite de données terminé"
(06/12/2013 16:21:17) Warning [MPT/Data Limit] "Déclenchement de limite supérieure sur 'Temps'."
(06/12/2013 16:21:17) Warning [MPT/Data Limit] "Processus de limite de données terminé"
(06/12/2013 16:21:27) Warning [MPT/Data Limit] "Déclenchement de limite supérieure sur 'Temps'."
(06/12/2013 16:21:27) Warning [MPT/Data Limit] "Processus de limite de données terminé"
(06/12/2013 16:21:38) Warning [MPT/Data Limit] "Déclenchement de limite supérieure sur 'Temps'."
(06/12/2013 16:21:38) Warning [MPT/Data Limit] "Processus de limite de données terminé"
(06/12/2013 16:21:48) Warning [MPT/Data Limit] "Déclenchement de limite supérieure sur 'Temps'."
(06/12/2013 16:21:48) Warning [MPT/Data Limit] "Processus de limite de données terminé"
(06/12/2013 16:21:59) Warning [MPT/Data Limit] "Déclenchement de limite supérieure sur 'Temps'."
(06/12/2013 16:21:59) Warning [MPT/Data Limit] "Processus de limite de données terminé"
(06/12/2013 16:22:10) Warning [MPT/Data Limit] "Déclenchement de limite supérieure sur 'Temps'."
(06/12/2013 16:22:10) Warning [MPT/Data Limit] "Processus de limite de données terminé"
(06/12/2013 16:22:20) Warning [MPT/Data Limit] "Déclenchement de limite supérieure sur 'Temps'."
(06/12/2013 16:22:20) Warning [MPT/Data Limit] "Processus de limite de données terminé"
(06/12/2013 16:22:31) Warning [MPT/Data Limit] "Déclenchement de limite supérieure sur 'Temps'."
(06/12/2013 16:22:31) Warning [MPT/Data Limit] "Processus de limite de données terminé"
(06/12/2013 16:22:41) Warning [MPT/Data Limit] "Déclenchement de limite supérieure sur 'Temps'."
(06/12/2013 16:22:41) Warning [MPT/Data Limit] "Processus de limite de données terminé"
(06/12/2013 16:22:52) Warning [MPT/Data Limit] "Déclenchement de limite supérieure sur 'Temps'."
(06/12/2013 16:22:52) Warning [MPT/Data Limit] "Processus de limite de données terminé"
(06/12/2013 16:23:03) Warning [MPT/Data Limit] "Déclenchement de limite supérieure sur 'Temps'."
(06/12/2013 16:23:03) Warning [MPT/Data Limit] "Processus de limite de données terminé"
(06/12/2013 16:23:13) Warning [MPT/Data Limit] "Déclenchement de limite supérieure sur 'Temps'."
(06/12/2013 16:23:13) Warning [MPT/Data Limit] "Processus de limite de données terminé"
(06/12/2013 16:23:24) Warning [MPT/Data Limit] "Déclenchement de limite supérieure sur 'Temps'."
(06/12/2013 16:23:24) Warning [MPT/Data Limit] "Processus de limite de données terminé"
(06/12/2013 16:23:34) Warning [MPT/Data Limit] "Déclenchement de limite supérieure sur 'Temps'."
(06/12/2013 16:23:34) Warning [MPT/Data Limit] "Processus de limite de données terminé"
(06/12/2013 16:23:45) Warning [MPT/Data Limit] "Déclenchement de limite supérieure sur 'Temps'."
(06/12/2013 16:23:45) Warning [MPT/Data Limit] "Processus de limite de données terminé"
(06/12/2013 16:23:56) Warning [MPT/Data Limit] "Déclenchement de limite supérieure sur 'Temps'."
(06/12/2013 16:23:56) Warning [MPT/Data Limit] "Processus de limite de données terminé"
(06/12/2013 16:24:06) Warning [MPT/Data Limit] "Déclenchement de limite supérieure sur 'Temps'."
(06/12/2013 16:24:06) Warning [MPT/Data Limit] "Processus de limite de données terminé"
(06/12/2013 16:24:10) Warning [MPT/Data Limit] "Limite inférieure déclenchée sur 'Axial Force'."
(06/12/2013 16:24:10) Warning [MPT/Data Limit] "Processus de limite de données terminé"
(06/12/2013 16:24:17) Warning [MPT/Data Limit] "Déclenchement de limite supérieure sur 'Temps'."
(06/12/2013 16:24:17) Warning [MPT/Data Limit] "Processus de limite de données terminé"
(06/12/2013 16:24:28) Warning [MPT/Data Limit] "Déclenchement de limite supérieure sur 'Temps'."
(06/12/2013 16:24:28) Warning [MPT/Data Limit] "Processus de limite de données terminé"
(06/12/2013 16:24:38) Warning [MPT/Data Limit] "Déclenchement de limite supérieure sur 'Temps'."
(06/12/2013 16:24:38) Warning [MPT/Data Limit] "Processus de limite de données terminé"
(06/12/2013 16:24:48) Warning [Stmgr] "Axial Déplacement -- Limite supérieure déclenchée."
(06/12/2013 16:24:48) Information [MPT Runtime] "Saisie interrompue"
(06/12/2013 16:24:48) Error [MPT Runtime] "Procédure en sécurité: Une action 'Rampe vers' ou 'Arrêt Au Niveau' a été déclenchée
 Temps d'exécution :  00:07:13 
 Compteurs de canaux :
    Axial -          0  Cycles"
(06/12/2013 16:24:48) Error [MPT Runtime] "Procédure en sécurité: Une action 'Rampe vers' ou 'Arrêt Au Niveau' a été déclenchée
 Temps d'exécution :  00:07:13 
 Compteurs de canaux :
    Axial -          0  Cycles"
(06/12/2013 16:24:49) Information [MPT Runtime] "Arrêté
 Temps d'exécution :  00:07:14 
 Compteurs de canaux :
    Axial -          0  Cycles"
(06/12/2013 17:18:09) Information [MPT Runtime] "RAZ procédure"
(06/12/2013 17:37:18) Warning [Stmgr] "Sécurité programme (J29)."
(06/12/2013 17:37:18) Warning [Stmgr] "Arrêt du programme Interlock 1 -- Inter-verrouillage de matériel extérieur."
(06/12/2013 17:37:18) Warning [Stmgr] "pont Interlock 1 -- Inter-verrouillage de matériel extérieur."
(06/12/2013 17:38:11) Information [Stmgr] "Application de pilotage -- Station Manager"
(06/12/2013 17:38:25) Information [Stmgr] "Exécution de FG : Axial Déplacement"
(06/12/2013 17:38:27) Warning [Stmgr] "Axial Déplacement -- Limite supérieure déclenchée."
(06/12/2013 17:38:27) Information [Stmgr] "FG arrêté : Axial Déplacement"
(06/12/2013 17:38:38) Information [Stmgr] "Exécution de FG : Axial Déplacement"
(06/12/2013 17:38:42) Information [Stmgr] "FG arrêté : Axial Déplacement"
(06/12/2013 17:39:11) Information [Stmgr] "Mode basculé en : Axial CMOD*2"
(06/12/2013 17:39:11) Information [Stmgr] "Commande manuelle activée : Axial CMOD*2"
(06/12/2013 17:39:20) Warning [Stmgr] "Axial CMOD*2 -- Inter-verrouillage dû à un signal de retour actif mauvais."
(06/12/2013 17:39:20) Warning [Stmgr] "Interlock 1 -- Inter-verrouillage du logiciel."
(06/12/2013 17:39:20) Information [Stmgr] "HSM-J28 -- Hors pression."
(06/12/2013 17:39:34) Information [Stmgr] "Commande manuelle désactivée : Axial CMOD*2"
(06/12/2013 17:40:15) Warning [Stmgr] "Axial Déplacement -- Limite supérieure déclenchée."
(06/12/2013 17:40:19) Warning [Stmgr] "Axial Déplacement -- Limite supérieure déclenchée."
(06/12/2013 17:40:20) Warning [Stmgr] "Axial Déplacement -- Limite supérieure déclenchée."
(06/12/2013 17:40:20) Warning [Stmgr] "Axial Déplacement -- Limite supérieure déclenchée."
(06/12/2013 17:40:20) Warning [Stmgr] "Axial Déplacement -- Limite supérieure déclenchée."
(06/12/2013 17:40:21) Warning [Stmgr] "Axial Déplacement -- Limite supérieure déclenchée."
(06/12/2013 17:40:24) Warning [Stmgr] "Axial Déplacement -- Limite supérieure déclenchée."
(06/12/2013 17:40:48) Information [Stmgr] "Mode basculé en : Axial Déplacement"
(06/12/2013 17:40:48) Information [Stmgr] "Commande manuelle activée : Axial Déplacement"
(06/12/2013 17:40:50) Information [Stmgr] "HSM-J28 -- Basse pression."
(06/12/2013 17:40:51) Information [Stmgr] "HSM-J28 -- Haute pression."
(06/12/2013 17:41:06) Warning [Stmgr] "Axial -- Défaillance de commutation de modes en raison d'une saturation du retour."
(06/12/2013 17:41:06) Warning [Stmgr] "Arrêt du programme Interlock 1 -- Inter-verrouillage du logiciel."
(06/12/2013 17:41:10) Warning [Stmgr] "Axial -- Défaillance de commutation de modes en raison d'une saturation du retour."
(06/12/2013 17:41:17) Warning [Stmgr] "Axial -- Défaillance de commutation de modes en raison d'une saturation du retour."
(06/12/2013 17:41:17) Warning [Stmgr] "Arrêt du programme Interlock 1 -- Inter-verrouillage du logiciel."
(06/12/2013 17:41:26) Information [Stmgr] "Commande manuelle désactivée : Axial Déplacement"
(06/12/2013 17:41:50) Warning [Stmgr] "Axial -- Défaillance de commutation de modes en raison d'une saturation du retour."
(06/12/2013 17:41:50) Warning [Stmgr] "Arrêt du programme Interlock 1 -- Inter-verrouillage du logiciel."
(06/12/2013 17:41:51) Information [Stmgr] "Echec d'activation de la commande manuelle : Axial CMOD*2"
(06/12/2013 17:42:45) Information [Stmgr] "Mode basculé en : Axial CMOD*2"
(06/12/2013 17:42:45) Information [Stmgr] "Commande manuelle activée : Axial CMOD*2"
(06/12/2013 17:42:47) Information [Stmgr] "Commande manuelle désactivée : Axial CMOD*2"
(06/12/2013 17:43:48) Warning [Stmgr] "Axial CMOD*2 -- Inter-verrouillage dû à un signal de retour actif saturé."
(06/12/2013 17:43:48) Warning [Stmgr] "Interlock 1 -- Inter-verrouillage du logiciel."
(06/12/2013 17:43:48) Information [Stmgr] "HSM-J28 -- Hors pression."
(06/12/2013 17:53:44) Information [Stmgr] "Mode basculé en : Axial Déplacement"
(06/12/2013 17:53:44) Information [Stmgr] "Commande manuelle activée : Axial Déplacement"
(06/12/2013 17:53:46) Information [Stmgr] "Commande manuelle désactivée : Axial Déplacement"
(06/12/2013 17:53:47) Information [Stmgr] "HSM-J28 -- Basse pression."
(06/12/2013 17:53:48) Information [Stmgr] "HSM-J28 -- Haute pression."
(06/12/2013 17:53:54) Warning [Stmgr] "Sécurité programme (J29)."
(06/12/2013 17:53:54) Warning [Stmgr] "Arrêt du programme Interlock 1 -- Inter-verrouillage de matériel extérieur."
(06/12/2013 17:53:54) Warning [Stmgr] "pont Interlock 1 -- Inter-verrouillage de matériel extérieur."
(06/12/2013 17:54:02) Warning [Stmgr] "Arrêt du programme Interlock 1 -- Inter-verrouillage de matériel extérieur."
(06/12/2013 17:54:02) Warning [Stmgr] "pont Interlock 1 -- Inter-verrouillage de matériel extérieur."
(06/12/2013 17:54:02) Warning [Stmgr] "Sécurité programme (J29)."
(06/12/2013 17:54:27) Information [Stmgr] "Exécution de FG : Axial Déplacement"
(06/12/2013 17:55:13) Information [Stmgr] "FG arrêté : Axial Déplacement"
(06/12/2013 17:55:15) Information [Stmgr] "Application de pilotage -- MPT"
(06/12/2013 18:01:50) Information [MPT Runtime] "Début de la procédure: fleche_test.000"
(06/12/2013 18:01:50) Information [MPT Runtime] "Marche"
(06/12/2013 18:02:00) Warning [MPT/Data Limit] "Déclenchement de limite supérieure sur 'Temps'."
(06/12/2013 18:02:00) Warning [MPT/Data Limit] "Processus de limite de données terminé"
(06/12/2013 18:02:06) Warning [MPT/Data Limit] "Limite inférieure déclenchée sur 'Axial Déplacement'."
(06/12/2013 18:02:06) Warning [MPT/Data Limit] "Processus de limite de données terminé"
(06/12/2013 18:02:11) Warning [MPT/Data Limit] "Déclenchement de limite supérieure sur 'Temps'."
(06/12/2013 18:02:11) Warning [MPT/Data Limit] "Processus de limite de données terminé"
(06/12/2013 18:02:21) Warning [MPT/Data Limit] "Déclenchement de limite supérieure sur 'Temps'."
(06/12/2013 18:02:21) Warning [MPT/Data Limit] "Processus de limite de données terminé"
(06/12/2013 18:02:32) Warning [MPT/Data Limit] "Déclenchement de limite supérieure sur 'Temps'."
(06/12/2013 18:02:32) Warning [MPT/Data Limit] "Processus de limite de données terminé"
(06/12/2013 18:02:43) Warning [MPT/Data Limit] "Déclenchement de limite supérieure sur 'Temps'."
(06/12/2013 18:02:43) Warning [MPT/Data Limit] "Processus de limite de données terminé"
(06/12/2013 18:02:53) Information [MPT Runtime] "Saisie interrompue"
(06/12/2013 18:02:53) Warning [MPT/Data Limit] "Déclenchement de limite supérieure sur 'Temps'."
(06/12/2013 18:02:53) Warning [MPT/Data Limit] "Processus de limite de données terminé"
(06/12/2013 18:02:54) Information [MPT Runtime] "Arrêté
 Temps d'exécution :  00:01:03 
 Compteurs de canaux :
    Axial -          0  Cycles"
(06/12/2013 18:03:03) Information [MPT Runtime] "RAZ procédure"
(06/12/2013 18:03:52) Information [MPT Runtime] "Début de la procédure: fleche_test.000"
(06/12/2013 18:03:52) Information [MPT Runtime] "Marche"
(06/12/2013 18:04:02) Warning [MPT/Data Limit] "Déclenchement de limite supérieure sur 'Temps'."
(06/12/2013 18:04:02) Warning [MPT/Data Limit] "Processus de limite de données terminé"
(06/12/2013 18:04:09) Warning [MPT/Data Limit] "Limite inférieure déclenchée sur 'Axial Déplacement'."
(06/12/2013 18:04:09) Warning [MPT/Data Limit] "Processus de limite de données terminé"
(06/12/2013 18:04:13) Warning [MPT/Data Limit] "Déclenchement de limite supérieure sur 'Temps'."
(06/12/2013 18:04:13) Warning [MPT/Data Limit] "Processus de limite de données terminé"
(06/12/2013 18:04:24) Warning [MPT/Data Limit] "Déclenchement de limite supérieure sur 'Temps'."
(06/12/2013 18:04:24) Warning [MPT/Data Limit] "Processus de limite de données terminé"
(06/12/2013 18:04:34) Warning [MPT/Data Limit] "Déclenchement de limite supérieure sur 'Temps'."
(06/12/2013 18:04:34) Warning [MPT/Data Limit] "Processus de limite de données terminé"
(06/12/2013 18:04:45) Warning [MPT/Data Limit] "Déclenchement de limite supérieure sur 'Temps'."
(06/12/2013 18:04:45) Warning [MPT/Data Limit] "Processus de limite de données terminé"
(06/12/2013 18:04:55) Warning [MPT/Data Limit] "Déclenchement de limite supérieure sur 'Temps'."
(06/12/2013 18:04:55) Warning [MPT/Data Limit] "Processus de limite de données terminé"
(06/12/2013 18:05:06) Warning [MPT/Data Limit] "Déclenchement de limite supérieure sur 'Temps'."
(06/12/2013 18:05:06) Warning [MPT/Data Limit] "Processus de limite de données terminé"
(06/12/2013 18:05:17) Warning [MPT/Data Limit] "Déclenchement de limite supérieure sur 'Temps'."
(06/12/2013 18:05:17) Warning [MPT/Data Limit] "Processus de limite de données terminé"
(06/12/2013 18:05:25) Information [MPT Runtime] "Saisie interrompue"
(06/12/2013 18:05:25) Information [MPT Runtime] "Arrêté
 Temps d'exécution :  00:01:32 
 Compteurs de canaux :
    Axial -          0  Cycles"
(06/12/2013 18:07:51) Information [Stmgr] "HSM-J28 -- Hors pression."
(06/13/2013 09:22:51) Information [Stmgr] "HSM-J28 -- Basse pression."
(06/13/2013 09:22:52) Information [Stmgr] "HSM-J28 -- Haute pression."
(06/13/2013 09:22:58) Information [Stmgr] "Application de pilotage -- Station Manager"
(06/13/2013 09:23:01) Warning [Stmgr] "Sécurité programme (J29)."
(06/13/2013 09:23:01) Warning [Stmgr] "Arrêt du programme Interlock 1 -- Inter-verrouillage de matériel extérieur."
(06/13/2013 09:23:01) Warning [Stmgr] "pont Interlock 1 -- Inter-verrouillage de matériel extérieur."
(06/13/2013 09:23:18) Warning [Stmgr] "Sécurité programme (J29)."
(06/13/2013 09:23:18) Warning [Stmgr] "Arrêt du programme Interlock 1 -- Inter-verrouillage de matériel extérieur."
(06/13/2013 09:23:18) Warning [Stmgr] "pont Interlock 1 -- Inter-verrouillage de matériel extérieur."
(06/13/2013 09:23:34) Information [Stmgr] "HSM-J28 -- Basse pression."
(06/13/2013 09:23:34) Information [Stmgr] "HSM-J28 -- Hors pression."
(06/13/2013 09:23:36) Information [Stmgr] "HSM-J28 -- Basse pression."
(06/13/2013 09:23:36) Information [Stmgr] "HSM-J28 -- Haute pression."
(06/13/2013 09:26:24) Warning [Stmgr] "Axial fléche -- Inter-verrouillage dû à un signal de retour actif saturé."
(06/13/2013 09:26:24) Warning [Stmgr] "Interlock 1 -- Inter-verrouillage du logiciel."
(06/13/2013 09:26:24) Information [Stmgr] "HSM-J28 -- Hors pression."
(06/13/2013 09:26:24) Warning [Stmgr] "Sécurité programme (J29)."
(06/13/2013 09:31:15) Information [Stmgr] "HSM-J28 -- Basse pression."
(06/13/2013 09:31:17) Information [Stmgr] "HSM-J28 -- Haute pression."
(06/13/2013 09:31:28) Information [Stmgr] "Exécution de FG : Axial fléche"
(06/13/2013 09:31:44) Information [Stmgr] "FG arrêté : Axial fléche"
(06/13/2013 09:31:52) Information [Stmgr] "Exécution de FG : Axial Déplacement"
(06/13/2013 09:33:19) Warning [Stmgr] "Axial Déplacement -- Limite inférieure déclenchée."
(06/13/2013 09:33:19) Information [Stmgr] "FG arrêté : Axial Déplacement"
(06/13/2013 09:34:18) Information [Stmgr] "Exécution de FG : Axial Déplacement"
(06/13/2013 09:36:00) Information [Stmgr] "FG arrêté : Axial Déplacement"
(06/13/2013 09:36:02) Information [Stmgr] "Application de pilotage -- MPT"
(06/13/2013 09:52:18) Warning [Stmgr] "Sécurité programme (J29)."
(06/13/2013 09:52:18) Warning [Stmgr] "Arrêt du programme Interlock 1 -- Inter-verrouillage de matériel extérieur."
(06/13/2013 09:52:18) Warning [Stmgr] "pont Interlock 1 -- Inter-verrouillage de matériel extérieur."
(06/13/2013 09:54:20) Warning [MPT Runtime] "Le processus 'Procedure / EMAD / fleche' n'existe plus. Son état d'exécution est rejeté."
(06/13/2013 09:54:20) Information [MPT Runtime] "RAZ procédure"
(06/13/2013 09:54:43) Information [MPT Runtime] "Début de la procédure: Charge-fléche.000"
(06/13/2013 09:54:43) Information [MPT Runtime] "Marche"
(06/13/2013 09:54:53) Warning [MPT/Data Limit] "Déclenchement de limite supérieure sur 'Temps'."
(06/13/2013 09:54:53) Warning [MPT/Data Limit] "Processus de limite de données terminé"
(06/13/2013 09:55:04) Warning [MPT/Data Limit] "Déclenchement de limite supérieure sur 'Temps'."
(06/13/2013 09:55:04) Warning [MPT/Data Limit] "Processus de limite de données terminé"
(06/13/2013 09:55:15) Warning [MPT/Data Limit] "Déclenchement de limite supérieure sur 'Temps'."
(06/13/2013 09:55:15) Warning [MPT/Data Limit] "Processus de limite de données terminé"
(06/13/2013 09:55:25) Warning [MPT/Data Limit] "Déclenchement de limite supérieure sur 'Temps'."
(06/13/2013 09:55:25) Warning [MPT/Data Limit] "Processus de limite de données terminé"
(06/13/2013 09:55:36) Warning [MPT/Data Limit] "Déclenchement de limite supérieure sur 'Temps'."
(06/13/2013 09:55:36) Warning [MPT/Data Limit] "Processus de limite de données terminé"
(06/13/2013 09:55:46) Warning [MPT/Data Limit] "Déclenchement de limite supérieure sur 'Temps'."
(06/13/2013 09:55:46) Warning [MPT/Data Limit] "Processus de limite de données terminé"
(06/13/2013 09:55:57) Warning [MPT/Data Limit] "Déclenchement de limite supérieure sur 'Temps'."
(06/13/2013 09:55:57) Warning [MPT/Data Limit] "Processus de limite de données terminé"
(06/13/2013 09:56:08) Warning [MPT/Data Limit] "Déclenchement de limite supérieure sur 'Temps'."
(06/13/2013 09:56:08) Warning [MPT/Data Limit] "Processus de limite de données terminé"
(06/13/2013 09:56:18) Warning [MPT/Data Limit] "Déclenchement de limite supérieure sur 'Temps'."
(06/13/2013 09:56:18) Warning [MPT/Data Limit] "Processus de limite de données terminé"
(06/13/2013 09:56:29) Warning [MPT/Data Limit] "Déclenchement de limite supérieure sur 'Temps'."
(06/13/2013 09:56:29) Warning [MPT/Data Limit] "Processus de limite de données terminé"
(06/13/2013 09:56:40) Warning [MPT/Data Limit] "Déclenchement de limite supérieure sur 'Temps'."
(06/13/2013 09:56:40) Warning [MPT/Data Limit] "Processus de limite de données terminé"
(06/13/2013 09:56:50) Warning [MPT/Data Limit] "Déclenchement de limite supérieure sur 'Temps'."
(06/13/2013 09:56:50) Warning [MPT/Data Limit] "Processus de limite de données terminé"
(06/13/2013 09:57:01) Warning [MPT/Data Limit] "Déclenchement de limite supérieure sur 'Temps'."
(06/13/2013 09:57:01) Warning [MPT/Data Limit] "Processus de limite de données terminé"
(06/13/2013 09:57:11) Warning [MPT/Data Limit] "Déclenchement de limite supérieure sur 'Temps'."
(06/13/2013 09:57:11) Warning [MPT/Data Limit] "Processus de limite de données terminé"
(06/13/2013 09:57:22) Warning [MPT/Data Limit] "Déclenchement de limite supérieure sur 'Temps'."
(06/13/2013 09:57:22) Warning [MPT/Data Limit] "Processus de limite de données terminé"
(06/13/2013 09:57:33) Warning [MPT/Data Limit] "Déclenchement de limite supérieure sur 'Temps'."
(06/13/2013 09:57:33) Warning [MPT/Data Limit] "Processus de limite de données terminé"
(06/13/2013 09:57:43) Warning [MPT/Data Limit] "Déclenchement de limite supérieure sur 'Temps'."
(06/13/2013 09:57:43) Warning [MPT/Data Limit] "Processus de limite de données terminé"
(06/13/2013 09:57:54) Warning [MPT/Data Limit] "Déclenchement de limite supérieure sur 'Temps'."
(06/13/2013 09:57:54) Warning [MPT/Data Limit] "Processus de limite de données terminé"
(06/13/2013 09:58:04) Warning [MPT/Data Limit] "Déclenchement de limite supérieure sur 'Temps'."
(06/13/2013 09:58:04) Warning [MPT/Data Limit] "Processus de limite de données terminé"
(06/13/2013 09:58:15) Warning [MPT/Data Limit] "Déclenchement de limite supérieure sur 'Temps'."
(06/13/2013 09:58:15) Warning [MPT/Data Limit] "Processus de limite de données terminé"
(06/13/2013 09:58:26) Warning [MPT/Data Limit] "Déclenchement de limite supérieure sur 'Temps'."
(06/13/2013 09:58:26) Warning [MPT/Data Limit] "Processus de limite de données terminé"
(06/13/2013 09:58:36) Warning [MPT/Data Limit] "Déclenchement de limite supérieure sur 'Temps'."
(06/13/2013 09:58:36) Warning [MPT/Data Limit] "Processus de limite de données terminé"
(06/13/2013 09:58:47) Warning [MPT/Data Limit] "Déclenchement de limite supérieure sur 'Temps'."
(06/13/2013 09:58:47) Warning [MPT/Data Limit] "Processus de limite de données terminé"
(06/13/2013 09:58:57) Warning [MPT/Data Limit] "Déclenchement de limite supérieure sur 'Temps'."
(06/13/2013 09:58:57) Warning [MPT/Data Limit] "Processus de limite de données terminé"
(06/13/2013 09:59:08) Warning [MPT/Data Limit] "Déclenchement de limite supérieure sur 'Temps'."
(06/13/2013 09:59:08) Warning [MPT/Data Limit] "Processus de limite de données terminé"
(06/13/2013 09:59:19) Warning [MPT/Data Limit] "Déclenchement de limite supérieure sur 'Temps'."
(06/13/2013 09:59:19) Warning [MPT/Data Limit] "Processus de limite de données terminé"
(06/13/2013 09:59:29) Warning [MPT/Data Limit] "Déclenchement de limite supérieure sur 'Temps'."
(06/13/2013 09:59:29) Warning [MPT/Data Limit] "Processus de limite de données terminé"
(06/13/2013 09:59:40) Warning [MPT/Data Limit] "Déclenchement de limite supérieure sur 'Temps'."
(06/13/2013 09:59:40) Warning [MPT/Data Limit] "Processus de limite de données terminé"
(06/13/2013 09:59:50) Warning [MPT/Data Limit] "Déclenchement de limite supérieure sur 'Temps'."
(06/13/2013 09:59:50) Warning [MPT/Data Limit] "Processus de limite de données terminé"
(06/13/2013 10:00:01) Warning [MPT/Data Limit] "Déclenchement de limite supérieure sur 'Temps'."
(06/13/2013 10:00:01) Warning [MPT/Data Limit] "Processus de limite de données terminé"
(06/13/2013 10:00:12) Warning [MPT/Data Limit] "Déclenchement de limite supérieure sur 'Temps'."
(06/13/2013 10:00:12) Warning [MPT/Data Limit] "Processus de limite de données terminé"
(06/13/2013 10:00:22) Warning [MPT/Data Limit] "Déclenchement de limite supérieure sur 'Temps'."
(06/13/2013 10:00:22) Warning [MPT/Data Limit] "Processus de limite de données terminé"
(06/13/2013 10:00:33) Warning [MPT/Data Limit] "Déclenchement de limite supérieure sur 'Temps'."
(06/13/2013 10:00:33) Warning [MPT/Data Limit] "Processus de limite de données terminé"
(06/13/2013 10:00:44) Warning [MPT/Data Limit] "Déclenchement de limite supérieure sur 'Temps'."
(06/13/2013 10:00:44) Warning [MPT/Data Limit] "Processus de limite de données terminé"
(06/13/2013 10:00:54) Warning [MPT/Data Limit] "Déclenchement de limite supérieure sur 'Temps'."
(06/13/2013 10:00:54) Warning [MPT/Data Limit] "Processus de limite de données terminé"
(06/13/2013 10:01:05) Warning [MPT/Data Limit] "Déclenchement de limite supérieure sur 'Temps'."
(06/13/2013 10:01:05) Warning [MPT/Data Limit] "Processus de limite de données terminé"
(06/13/2013 10:01:15) Warning [MPT/Data Limit] "Déclenchement de limite supérieure sur 'Temps'."
(06/13/2013 10:01:15) Warning [MPT/Data Limit] "Processus de limite de données terminé"
(06/13/2013 10:01:26) Warning [MPT/Data Limit] "Déclenchement de limite supérieure sur 'Temps'."
(06/13/2013 10:01:26) Warning [MPT/Data Limit] "Processus de limite de données terminé"
(06/13/2013 10:01:37) Warning [MPT/Data Limit] "Déclenchement de limite supérieure sur 'Temps'."
(06/13/2013 10:01:37) Warning [MPT/Data Limit] "Processus de limite de données terminé"
(06/13/2013 10:01:47) Warning [MPT/Data Limit] "Déclenchement de limite supérieure sur 'Temps'."
(06/13/2013 10:01:47) Warning [MPT/Data Limit] "Processus de limite de données terminé"
(06/13/2013 10:01:51) Warning [MPT/Data Limit] "Limite inférieure déclenchée sur 'Axial Force'."
(06/13/2013 10:01:51) Warning [MPT/Data Limit] "Processus de limite de données terminé"
(06/13/2013 10:01:58) Warning [MPT/Data Limit] "Déclenchement de limite supérieure sur 'Temps'."
(06/13/2013 10:01:58) Warning [MPT/Data Limit] "Processus de limite de données terminé"
(06/13/2013 10:02:08) Warning [MPT/Data Limit] "Déclenchement de limite supérieure sur 'Temps'."
(06/13/2013 10:02:08) Warning [MPT/Data Limit] "Processus de limite de données terminé"
(06/13/2013 10:02:19) Warning [MPT/Data Limit] "Déclenchement de limite supérieure sur 'Temps'."
(06/13/2013 10:02:19) Warning [MPT/Data Limit] "Processus de limite de données terminé"
(06/13/2013 10:02:30) Warning [MPT/Data Limit] "Déclenchement de limite supérieure sur 'Temps'."
(06/13/2013 10:02:30) Warning [MPT/Data Limit] "Processus de limite de données terminé"
(06/13/2013 10:02:40) Warning [MPT/Data Limit] "Déclenchement de limite supérieure sur 'Temps'."
(06/13/2013 10:02:40) Warning [MPT/Data Limit] "Processus de limite de données terminé"
(06/13/2013 10:02:51) Warning [MPT/Data Limit] "Déclenchement de limite supérieure sur 'Temps'."
(06/13/2013 10:02:51) Warning [MPT/Data Limit] "Processus de limite de données terminé"
(06/13/2013 10:03:01) Warning [MPT/Data Limit] "Déclenchement de limite supérieure sur 'Temps'."
(06/13/2013 10:03:01) Warning [MPT/Data Limit] "Processus de limite de données terminé"
(06/13/2013 10:03:12) Warning [MPT/Data Limit] "Déclenchement de limite supérieure sur 'Temps'."
(06/13/2013 10:03:12) Warning [MPT/Data Limit] "Processus de limite de données terminé"
(06/13/2013 10:03:23) Warning [MPT/Data Limit] "Déclenchement de limite supérieure sur 'Temps'."
(06/13/2013 10:03:23) Warning [MPT/Data Limit] "Processus de limite de données terminé"
(06/13/2013 10:03:33) Warning [MPT/Data Limit] "Déclenchement de limite supérieure sur 'Temps'."
(06/13/2013 10:03:33) Warning [MPT/Data Limit] "Processus de limite de données terminé"
(06/13/2013 10:03:44) Warning [MPT/Data Limit] "Déclenchement de limite supérieure sur 'Temps'."
(06/13/2013 10:03:44) Warning [MPT/Data Limit] "Processus de limite de données terminé"
(06/13/2013 10:03:54) Warning [MPT/Data Limit] "Déclenchement de limite supérieure sur 'Temps'."
(06/13/2013 10:03:54) Warning [MPT/Data Limit] "Processus de limite de données terminé"
(06/13/2013 10:04:05) Warning [MPT/Data Limit] "Déclenchement de limite supérieure sur 'Temps'."
(06/13/2013 10:04:05) Warning [MPT/Data Limit] "Processus de limite de données terminé"
(06/13/2013 10:04:16) Warning [MPT/Data Limit] "Déclenchement de limite supérieure sur 'Temps'."
(06/13/2013 10:04:16) Warning [MPT/Data Limit] "Processus de limite de données terminé"
(06/13/2013 10:04:26) Warning [MPT/Data Limit] "Déclenchement de limite supérieure sur 'Temps'."
(06/13/2013 10:04:26) Warning [MPT/Data Limit] "Processus de limite de données terminé"
(06/13/2013 10:04:37) Warning [MPT/Data Limit] "Déclenchement de limite supérieure sur 'Temps'."
(06/13/2013 10:04:37) Warning [MPT/Data Limit] "Processus de limite de données terminé"
(06/13/2013 10:04:48) Warning [MPT/Data Limit] "Déclenchement de limite supérieure sur 'Temps'."
(06/13/2013 10:04:48) Warning [MPT/Data Limit] "Processus de limite de données terminé"
(06/13/2013 10:04:58) Warning [MPT/Data Limit] "Déclenchement de limite supérieure sur 'Temps'."
(06/13/2013 10:04:58) Warning [MPT/Data Limit] "Processus de limite de données terminé"
(06/13/2013 10:05:09) Warning [MPT/Data Limit] "Déclenchement de limite supérieure sur 'Temps'."
(06/13/2013 10:05:09) Warning [MPT/Data Limit] "Processus de limite de données terminé"
(06/13/2013 10:05:19) Warning [MPT/Data Limit] "Déclenchement de limite supérieure sur 'Temps'."
(06/13/2013 10:05:19) Warning [MPT/Data Limit] "Processus de limite de données terminé"
(06/13/2013 10:05:30) Warning [MPT/Data Limit] "Déclenchement de limite supérieure sur 'Temps'."
(06/13/2013 10:05:30) Warning [MPT/Data Limit] "Processus de limite de données terminé"
(06/13/2013 10:05:41) Warning [MPT/Data Limit] "Déclenchement de limite supérieure sur 'Temps'."
(06/13/2013 10:05:41) Warning [MPT/Data Limit] "Processus de limite de données terminé"
(06/13/2013 10:05:51) Warning [MPT/Data Limit] "Déclenchement de limite supérieure sur 'Temps'."
(06/13/2013 10:05:51) Warning [MPT/Data Limit] "Processus de limite de données terminé"
(06/13/2013 10:06:02) Warning [MPT/Data Limit] "Déclenchement de limite supérieure sur 'Temps'."
(06/13/2013 10:06:02) Warning [MPT/Data Limit] "Processus de limite de données terminé"
(06/13/2013 10:06:12) Warning [MPT/Data Limit] "Déclenchement de limite supérieure sur 'Temps'."
(06/13/2013 10:06:12) Warning [MPT/Data Limit] "Processus de limite de données terminé"
(06/13/2013 10:06:23) Warning [MPT/Data Limit] "Déclenchement de limite supérieure sur 'Temps'."
(06/13/2013 10:06:23) Warning [MPT/Data Limit] "Processus de limite de données terminé"
(06/13/2013 10:06:34) Warning [MPT/Data Limit] "Déclenchement de limite supérieure sur 'Temps'."
(06/13/2013 10:06:34) Warning [MPT/Data Limit] "Processus de limite de données terminé"
(06/13/2013 10:06:44) Warning [MPT/Data Limit] "Déclenchement de limite supérieure sur 'Temps'."
(06/13/2013 10:06:44) Warning [MPT/Data Limit] "Processus de limite de données terminé"
(06/13/2013 10:06:55) Warning [MPT/Data Limit] "Déclenchement de limite supérieure sur 'Temps'."
(06/13/2013 10:06:55) Warning [MPT/Data Limit] "Processus de limite de données terminé"
(06/13/2013 10:07:05) Warning [MPT/Data Limit] "Déclenchement de limite supérieure sur 'Temps'."
(06/13/2013 10:07:05) Warning [MPT/Data Limit] "Processus de limite de données terminé"
(06/13/2013 10:07:16) Warning [MPT/Data Limit] "Déclenchement de limite supérieure sur 'Temps'."
(06/13/2013 10:07:16) Warning [MPT/Data Limit] "Processus de limite de données terminé"
(06/13/2013 10:07:27) Warning [MPT/Data Limit] "Déclenchement de limite supérieure sur 'Temps'."
(06/13/2013 10:07:27) Warning [MPT/Data Limit] "Processus de limite de données terminé"
(06/13/2013 10:07:37) Warning [MPT/Data Limit] "Déclenchement de limite supérieure sur 'Temps'."
(06/13/2013 10:07:37) Warning [MPT/Data Limit] "Processus de limite de données terminé"
(06/13/2013 10:07:48) Warning [MPT/Data Limit] "Déclenchement de limite supérieure sur 'Temps'."
(06/13/2013 10:07:48) Warning [MPT/Data Limit] "Processus de limite de données terminé"
(06/13/2013 10:07:59) Warning [MPT/Data Limit] "Déclenchement de limite supérieure sur 'Temps'."
(06/13/2013 10:07:59) Warning [MPT/Data Limit] "Processus de limite de données terminé"
(06/13/2013 10:08:09) Warning [MPT/Data Limit] "Déclenchement de limite supérieure sur 'Temps'."
(06/13/2013 10:08:09) Warning [MPT/Data Limit] "Processus de limite de données terminé"
(06/13/2013 10:08:20) Warning [MPT/Data Limit] "Déclenchement de limite supérieure sur 'Temps'."
(06/13/2013 10:08:20) Warning [MPT/Data Limit] "Processus de limite de données terminé"
(06/13/2013 10:08:30) Warning [MPT/Data Limit] "Déclenchement de limite supérieure sur 'Temps'."
(06/13/2013 10:08:30) Warning [MPT/Data Limit] "Processus de limite de données terminé"
(06/13/2013 10:08:41) Warning [MPT/Data Limit] "Déclenchement de limite supérieure sur 'Temps'."
(06/13/2013 10:08:41) Warning [MPT/Data Limit] "Processus de limite de données terminé"
(06/13/2013 10:08:52) Warning [MPT/Data Limit] "Déclenchement de limite supérieure sur 'Temps'."
(06/13/2013 10:08:52) Warning [MPT/Data Limit] "Processus de limite de données terminé"
(06/13/2013 10:09:02) Warning [MPT/Data Limit] "Déclenchement de limite supérieure sur 'Temps'."
(06/13/2013 10:09:02) Warning [MPT/Data Limit] "Processus de limite de données terminé"
(06/13/2013 10:09:13) Warning [MPT/Data Limit] "Déclenchement de limite supérieure sur 'Temps'."
(06/13/2013 10:09:13) Warning [MPT/Data Limit] "Processus de limite de données terminé"
(06/13/2013 10:09:23) Warning [MPT/Data Limit] "Déclenchement de limite supérieure sur 'Temps'."
(06/13/2013 10:09:23) Warning [MPT/Data Limit] "Processus de limite de données terminé"
(06/13/2013 10:09:34) Warning [MPT/Data Limit] "Déclenchement de limite supérieure sur 'Temps'."
(06/13/2013 10:09:34) Warning [MPT/Data Limit] "Processus de limite de données terminé"
(06/13/2013 10:09:45) Warning [MPT/Data Limit] "Déclenchement de limite supérieure sur 'Temps'."
(06/13/2013 10:09:45) Warning [MPT/Data Limit] "Processus de limite de données terminé"
(06/13/2013 10:09:55) Warning [MPT/Data Limit] "Déclenchement de limite supérieure sur 'Temps'."
(06/13/2013 10:09:55) Warning [MPT/Data Limit] "Processus de limite de données terminé"
(06/13/2013 10:10:06) Warning [MPT/Data Limit] "Déclenchement de limite supérieure sur 'Temps'."
(06/13/2013 10:10:06) Warning [MPT/Data Limit] "Processus de limite de données terminé"
(06/13/2013 10:10:16) Warning [MPT/Data Limit] "Déclenchement de limite supérieure sur 'Temps'."
(06/13/2013 10:10:16) Warning [MPT/Data Limit] "Processus de limite de données terminé"
(06/13/2013 10:10:27) Warning [MPT/Data Limit] "Déclenchement de limite supérieure sur 'Temps'."
(06/13/2013 10:10:27) Warning [MPT/Data Limit] "Processus de limite de données terminé"
(06/13/2013 10:10:38) Warning [MPT/Data Limit] "Déclenchement de limite supérieure sur 'Temps'."
(06/13/2013 10:10:38) Warning [MPT/Data Limit] "Processus de limite de données terminé"
(06/13/2013 10:10:48) Warning [MPT/Data Limit] "Déclenchement de limite supérieure sur 'Temps'."
(06/13/2013 10:10:48) Warning [MPT/Data Limit] "Processus de limite de données terminé"
(06/13/2013 10:10:59) Warning [MPT/Data Limit] "Déclenchement de limite supérieure sur 'Temps'."
(06/13/2013 10:10:59) Warning [MPT/Data Limit] "Processus de limite de données terminé"
(06/13/2013 10:11:09) Warning [MPT/Data Limit] "Déclenchement de limite supérieure sur 'Temps'."
(06/13/2013 10:11:09) Warning [MPT/Data Limit] "Processus de limite de données terminé"
(06/13/2013 10:11:20) Warning [MPT/Data Limit] "Déclenchement de limite supérieure sur 'Temps'."
(06/13/2013 10:11:20) Warning [MPT/Data Limit] "Processus de limite de données terminé"
(06/13/2013 10:11:31) Warning [MPT/Data Limit] "Déclenchement de limite supérieure sur 'Temps'."
(06/13/2013 10:11:31) Warning [MPT/Data Limit] "Processus de limite de données terminé"
(06/13/2013 10:11:41) Warning [MPT/Data Limit] "Déclenchement de limite supérieure sur 'Temps'."
(06/13/2013 10:11:41) Warning [MPT/Data Limit] "Processus de limite de données terminé"
(06/13/2013 10:11:52) Warning [MPT/Data Limit] "Déclenchement de limite supérieure sur 'Temps'."
(06/13/2013 10:11:52) Warning [MPT/Data Limit] "Processus de limite de données terminé"
(06/13/2013 10:12:03) Warning [MPT/Data Limit] "Déclenchement de limite supérieure sur 'Temps'."
(06/13/2013 10:12:03) Warning [MPT/Data Limit] "Processus de limite de données terminé"
(06/13/2013 10:12:13) Warning [MPT/Data Limit] "Déclenchement de limite supérieure sur 'Temps'."
(06/13/2013 10:12:13) Warning [MPT/Data Limit] "Processus de limite de données terminé"
(06/13/2013 10:12:24) Warning [MPT/Data Limit] "Déclenchement de limite supérieure sur 'Temps'."
(06/13/2013 10:12:24) Warning [MPT/Data Limit] "Processus de limite de données terminé"
(06/13/2013 10:12:34) Warning [MPT/Data Limit] "Déclenchement de limite supérieure sur 'Temps'."
(06/13/2013 10:12:34) Warning [MPT/Data Limit] "Processus de limite de données terminé"
(06/13/2013 10:12:45) Warning [MPT/Data Limit] "Déclenchement de limite supérieure sur 'Temps'."
(06/13/2013 10:12:45) Warning [MPT/Data Limit] "Processus de limite de données terminé"
(06/13/2013 10:12:56) Warning [MPT/Data Limit] "Déclenchement de limite supérieure sur 'Temps'."
(06/13/2013 10:12:56) Warning [MPT/Data Limit] "Processus de limite de données terminé"
(06/13/2013 10:13:06) Warning [MPT/Data Limit] "Déclenchement de limite supérieure sur 'Temps'."
(06/13/2013 10:13:06) Warning [MPT/Data Limit] "Processus de limite de données terminé"
(06/13/2013 10:13:17) Warning [MPT/Data Limit] "Déclenchement de limite supérieure sur 'Temps'."
(06/13/2013 10:13:17) Warning [MPT/Data Limit] "Processus de limite de données terminé"
(06/13/2013 10:13:27) Warning [MPT/Data Limit] "Déclenchement de limite supérieure sur 'Temps'."
(06/13/2013 10:13:27) Warning [MPT/Data Limit] "Processus de limite de données terminé"
(06/13/2013 10:13:38) Warning [MPT/Data Limit] "Déclenchement de limite supérieure sur 'Temps'."
(06/13/2013 10:13:38) Warning [MPT/Data Limit] "Processus de limite de données terminé"
(06/13/2013 10:13:49) Warning [MPT/Data Limit] "Déclenchement de limite supérieure sur 'Temps'."
(06/13/2013 10:13:49) Warning [MPT/Data Limit] "Processus de limite de données terminé"
(06/13/2013 10:13:59) Warning [MPT/Data Limit] "Déclenchement de limite supérieure sur 'Temps'."
(06/13/2013 10:13:59) Warning [MPT/Data Limit] "Processus de limite de données terminé"
(06/13/2013 10:14:10) Warning [MPT/Data Limit] "Déclenchement de limite supérieure sur 'Temps'."
(06/13/2013 10:14:10) Warning [MPT/Data Limit] "Processus de limite de données terminé"
(06/13/2013 10:14:20) Warning [MPT/Data Limit] "Déclenchement de limite supérieure sur 'Temps'."
(06/13/2013 10:14:20) Warning [MPT/Data Limit] "Processus de limite de données terminé"
(06/13/2013 10:14:31) Warning [MPT/Data Limit] "Déclenchement de limite supérieure sur 'Temps'."
(06/13/2013 10:14:31) Warning [MPT/Data Limit] "Processus de limite de données terminé"
(06/13/2013 10:14:42) Warning [MPT/Data Limit] "Déclenchement de limite supérieure sur 'Temps'."
(06/13/2013 10:14:42) Warning [MPT/Data Limit] "Processus de limite de données terminé"
(06/13/2013 10:14:52) Warning [MPT/Data Limit] "Déclenchement de limite supérieure sur 'Temps'."
(06/13/2013 10:14:52) Warning [MPT/Data Limit] "Processus de limite de données terminé"
(06/13/2013 10:15:03) Warning [MPT/Data Limit] "Déclenchement de limite supérieure sur 'Temps'."
(06/13/2013 10:15:03) Warning [MPT/Data Limit] "Processus de limite de données terminé"
(06/13/2013 10:15:13) Warning [MPT/Data Limit] "Déclenchement de limite supérieure sur 'Temps'."
(06/13/2013 10:15:13) Warning [MPT/Data Limit] "Processus de limite de données terminé"
(06/13/2013 10:15:24) Warning [MPT/Data Limit] "Déclenchement de limite supérieure sur 'Temps'."
(06/13/2013 10:15:24) Warning [MPT/Data Limit] "Processus de limite de données terminé"
(06/13/2013 10:15:35) Warning [MPT/Data Limit] "Déclenchement de limite supérieure sur 'Temps'."
(06/13/2013 10:15:35) Warning [MPT/Data Limit] "Processus de limite de données terminé"
(06/13/2013 10:15:42) Information [MPT Runtime] "Saisie interrompue"
(06/13/2013 10:15:43) Information [MPT Runtime] "Arrêté
 Temps d'exécution :  00:20:59 
 Compteurs de canaux :
    Axial -          0  Cycles"
(06/13/2013 10:15:44) Warning [Stmgr] "Axial Déplacement -- Limite supérieure déclenchée."
(06/13/2013 10:15:44) Error [MPT Runtime] "Procédure en sécurité: Une action 'Rampe vers' ou 'Arrêt Au Niveau' a été déclenchée
 Temps d'exécution :  00:20:59 
 Compteurs de canaux :
    Axial -          0  Cycles"
(06/13/2013 10:15:44) Error [MPT Runtime] "Procédure en sécurité: Une action 'Rampe vers' ou 'Arrêt Au Niveau' a été déclenchée
 Temps d'exécution :  00:20:59 
 Compteurs de canaux :
    Axial -          0  Cycles"
(06/13/2013 10:45:21) Information [Stmgr] "Application de pilotage -- Station Manager"
(06/13/2013 10:45:35) Information [Stmgr] "Application de pilotage -- MPT"
(06/13/2013 10:45:54) Information [Stmgr] "Mode basculé en : Axial Déplacement"
(06/13/2013 10:45:54) Information [Stmgr] "Commande manuelle activée : Axial Déplacement"
(06/13/2013 10:45:56) Information [Stmgr] "Commande manuelle désactivée : Axial Déplacement"
(06/13/2013 10:46:06) Information [Stmgr] "Application de pilotage -- Station Manager"
(06/13/2013 10:46:30) Information [Stmgr] "Exécution de FG : Axial Déplacement"
(06/13/2013 10:48:52) Warning [Stmgr] "Sécurité programme (J29)."
(06/13/2013 10:48:52) Warning [Stmgr] "Arrêt du programme Interlock 1 -- Inter-verrouillage de matériel extérieur."
(06/13/2013 10:48:52) Warning [Stmgr] "pont Interlock 1 -- Inter-verrouillage de matériel extérieur."
(06/13/2013 10:48:52) Information [Stmgr] "FG arrêté : Axial Déplacement"
(06/13/2013 10:51:22) Information [Stmgr] "Application de pilotage -- MPT"
(06/13/2013 10:58:30) Warning [Stmgr] "Sécurité programme (J29)."
(06/13/2013 10:58:30) Warning [Stmgr] "Arrêt du programme Interlock 1 -- Inter-verrouillage de matériel extérieur."
(06/13/2013 10:58:30) Warning [Stmgr] "pont Interlock 1 -- Inter-verrouillage de matériel extérieur."
(06/13/2013 11:00:56) Information [Stmgr] "Jeu de paramètres enregistré : 'Christian'."
(06/13/2013 11:03:57) Warning [MPT Runtime] "Le processus 'Procedure / EMAD' n'existe plus. Son état d'exécution est rejeté."
(06/13/2013 11:03:57) Information [MPT Runtime] "RAZ procédure"
(06/13/2013 11:04:53) Information [MPT Runtime] "Début de la procédure: sinus.000"
(06/13/2013 11:04:53) Information [MPT Runtime] "Marche"
(06/13/2013 11:06:08) Information [MPT Runtime] "Procédure exécutée"
(06/13/2013 11:06:09) Information [MPT Runtime] "Arrêté
 Temps d'exécution :  00:01:15 
 Compteurs de canaux :
    Axial -         20  Cycles"
(06/13/2013 11:06:21) Information [Stmgr] "Application de pilotage -- Station Manager"
(06/13/2013 11:06:29) Information [Stmgr] "Mode basculé en : Axial Déplacement"
(06/13/2013 11:06:29) Information [Stmgr] "Commande manuelle activée : Axial Déplacement"
(06/13/2013 11:06:31) Information [Stmgr] "Commande manuelle désactivée : Axial Déplacement"
(06/13/2013 11:06:32) Information [Stmgr] "Application de pilotage -- MPT"
(06/13/2013 13:09:45) Information [Stmgr] "Application de pilotage -- Station Manager"
(06/13/2013 13:09:46) Information [Stmgr] "Application de pilotage -- MPT"
(06/13/2013 13:59:40) Warning [Stmgr] "Sécurité programme (J29)."
(06/13/2013 13:59:40) Warning [Stmgr] "Arrêt du programme Interlock 1 -- Inter-verrouillage de matériel extérieur."
(06/13/2013 13:59:40) Warning [Stmgr] "pont Interlock 1 -- Inter-verrouillage de matériel extérieur."
(06/13/2013 14:17:52) Information [MPT Runtime] "RAZ procédure"
(06/13/2013 14:23:58) Warning [Stmgr] "Sécurité programme (J29)."
(06/13/2013 14:23:58) Warning [Stmgr] "Arrêt du programme Interlock 1 -- Inter-verrouillage de matériel extérieur."
(06/13/2013 14:23:58) Warning [Stmgr] "pont Interlock 1 -- Inter-verrouillage de matériel extérieur."
(06/13/2013 14:25:19) Information [MPT Runtime] "Début de la procédure: Charge-fléche.000"
(06/13/2013 14:25:19) Information [MPT Runtime] "Marche"
(06/13/2013 14:25:29) Warning [MPT/Data Limit] "Déclenchement de limite supérieure sur 'Temps'."
(06/13/2013 14:25:29) Warning [MPT/Data Limit] "Processus de limite de données terminé"
(06/13/2013 14:25:40) Warning [MPT/Data Limit] "Déclenchement de limite supérieure sur 'Temps'."
(06/13/2013 14:25:40) Warning [MPT/Data Limit] "Processus de limite de données terminé"
(06/13/2013 14:25:50) Warning [MPT/Data Limit] "Déclenchement de limite supérieure sur 'Temps'."
(06/13/2013 14:25:50) Warning [MPT/Data Limit] "Processus de limite de données terminé"
(06/13/2013 14:26:01) Warning [MPT/Data Limit] "Déclenchement de limite supérieure sur 'Temps'."
(06/13/2013 14:26:01) Warning [MPT/Data Limit] "Processus de limite de données terminé"
(06/13/2013 14:26:12) Warning [MPT/Data Limit] "Déclenchement de limite supérieure sur 'Temps'."
(06/13/2013 14:26:12) Warning [MPT/Data Limit] "Processus de limite de données terminé"
(06/13/2013 14:26:22) Warning [MPT/Data Limit] "Déclenchement de limite supérieure sur 'Temps'."
(06/13/2013 14:26:22) Warning [MPT/Data Limit] "Processus de limite de données terminé"
(06/13/2013 14:26:33) Warning [MPT/Data Limit] "Déclenchement de limite supérieure sur 'Temps'."
(06/13/2013 14:26:33) Warning [MPT/Data Limit] "Processus de limite de données terminé"
(06/13/2013 14:26:43) Warning [MPT/Data Limit] "Déclenchement de limite supérieure sur 'Temps'."
(06/13/2013 14:26:43) Warning [MPT/Data Limit] "Processus de limite de données terminé"
(06/13/2013 14:26:54) Warning [MPT/Data Limit] "Déclenchement de limite supérieure sur 'Temps'."
(06/13/2013 14:26:54) Warning [MPT/Data Limit] "Processus de limite de données terminé"
(06/13/2013 14:27:05) Warning [MPT/Data Limit] "Déclenchement de limite supérieure sur 'Temps'."
(06/13/2013 14:27:05) Warning [MPT/Data Limit] "Processus de limite de données terminé"
(06/13/2013 14:27:15) Warning [MPT/Data Limit] "Déclenchement de limite supérieure sur 'Temps'."
(06/13/2013 14:27:15) Warning [MPT/Data Limit] "Processus de limite de données terminé"
(06/13/2013 14:27:26) Warning [MPT/Data Limit] "Déclenchement de limite supérieure sur 'Temps'."
(06/13/2013 14:27:26) Warning [MPT/Data Limit] "Processus de limite de données terminé"
(06/13/2013 14:27:36) Warning [MPT/Data Limit] "Déclenchement de limite supérieure sur 'Temps'."
(06/13/2013 14:27:36) Warning [MPT/Data Limit] "Processus de limite de données terminé"
(06/13/2013 14:27:47) Warning [MPT/Data Limit] "Déclenchement de limite supérieure sur 'Temps'."
(06/13/2013 14:27:47) Warning [MPT/Data Limit] "Processus de limite de données terminé"
(06/13/2013 14:27:58) Warning [MPT/Data Limit] "Déclenchement de limite supérieure sur 'Temps'."
(06/13/2013 14:27:58) Warning [MPT/Data Limit] "Processus de limite de données terminé"
(06/13/2013 14:28:08) Warning [MPT/Data Limit] "Déclenchement de limite supérieure sur 'Temps'."
(06/13/2013 14:28:08) Warning [MPT/Data Limit] "Processus de limite de données terminé"
(06/13/2013 14:28:19) Warning [MPT/Data Limit] "Déclenchement de limite supérieure sur 'Temps'."
(06/13/2013 14:28:19) Warning [MPT/Data Limit] "Processus de limite de données terminé"
(06/13/2013 14:28:29) Warning [MPT/Data Limit] "Déclenchement de limite supérieure sur 'Temps'."
(06/13/2013 14:28:29) Warning [MPT/Data Limit] "Processus de limite de données terminé"
(06/13/2013 14:28:40) Warning [MPT/Data Limit] "Déclenchement de limite supérieure sur 'Temps'."
(06/13/2013 14:28:40) Warning [MPT/Data Limit] "Processus de limite de données terminé"
(06/13/2013 14:28:51) Warning [MPT/Data Limit] "Déclenchement de limite supérieure sur 'Temps'."
(06/13/2013 14:28:51) Warning [MPT/Data Limit] "Processus de limite de données terminé"
(06/13/2013 14:29:01) Warning [MPT/Data Limit] "Déclenchement de limite supérieure sur 'Temps'."
(06/13/2013 14:29:01) Warning [MPT/Data Limit] "Processus de limite de données terminé"
(06/13/2013 14:29:12) Warning [MPT/Data Limit] "Déclenchement de limite supérieure sur 'Temps'."
(06/13/2013 14:29:12) Warning [MPT/Data Limit] "Processus de limite de données terminé"
(06/13/2013 14:29:22) Warning [MPT/Data Limit] "Déclenchement de limite supérieure sur 'Temps'."
(06/13/2013 14:29:22) Warning [MPT/Data Limit] "Processus de limite de données terminé"
(06/13/2013 14:29:33) Warning [MPT/Data Limit] "Déclenchement de limite supérieure sur 'Temps'."
(06/13/2013 14:29:33) Warning [MPT/Data Limit] "Processus de limite de données terminé"
(06/13/2013 14:29:44) Warning [MPT/Data Limit] "Déclenchement de limite supérieure sur 'Temps'."
(06/13/2013 14:29:44) Warning [MPT/Data Limit] "Processus de limite de données terminé"
(06/13/2013 14:29:54) Warning [MPT/Data Limit] "Déclenchement de limite supérieure sur 'Temps'."
(06/13/2013 14:29:54) Warning [MPT/Data Limit] "Processus de limite de données terminé"
(06/13/2013 14:30:05) Warning [MPT/Data Limit] "Déclenchement de limite supérieure sur 'Temps'."
(06/13/2013 14:30:05) Warning [MPT/Data Limit] "Processus de limite de données terminé"
(06/13/2013 14:30:16) Warning [MPT/Data Limit] "Déclenchement de limite supérieure sur 'Temps'."
(06/13/2013 14:30:16) Warning [MPT/Data Limit] "Processus de limite de données terminé"
(06/13/2013 14:30:26) Warning [MPT/Data Limit] "Déclenchement de limite supérieure sur 'Temps'."
(06/13/2013 14:30:26) Warning [MPT/Data Limit] "Processus de limite de données terminé"
(06/13/2013 14:30:37) Warning [MPT/Data Limit] "Déclenchement de limite supérieure sur 'Temps'."
(06/13/2013 14:30:37) Warning [MPT/Data Limit] "Processus de limite de données terminé"
(06/13/2013 14:30:47) Warning [MPT/Data Limit] "Déclenchement de limite supérieure sur 'Temps'."
(06/13/2013 14:30:47) Warning [MPT/Data Limit] "Processus de limite de données terminé"
(06/13/2013 14:30:58) Warning [MPT/Data Limit] "Déclenchement de limite supérieure sur 'Temps'."
(06/13/2013 14:30:58) Warning [MPT/Data Limit] "Processus de limite de données terminé"
(06/13/2013 14:31:09) Warning [MPT/Data Limit] "Déclenchement de limite supérieure sur 'Temps'."
(06/13/2013 14:31:09) Warning [MPT/Data Limit] "Processus de limite de données terminé"
(06/13/2013 14:31:19) Warning [MPT/Data Limit] "Déclenchement de limite supérieure sur 'Temps'."
(06/13/2013 14:31:19) Warning [MPT/Data Limit] "Processus de limite de données terminé"
(06/13/2013 14:31:30) Warning [MPT/Data Limit] "Déclenchement de limite supérieure sur 'Temps'."
(06/13/2013 14:31:30) Warning [MPT/Data Limit] "Processus de limite de données terminé"
(06/13/2013 14:31:40) Warning [MPT/Data Limit] "Déclenchement de limite supérieure sur 'Temps'."
(06/13/2013 14:31:40) Warning [MPT/Data Limit] "Processus de limite de données terminé"
(06/13/2013 14:31:43) Warning [MPT/Data Limit] "Limite inférieure déclenchée sur 'Axial Force'."
(06/13/2013 14:31:43) Warning [MPT/Data Limit] "Processus de limite de données terminé"
(06/13/2013 14:31:51) Warning [MPT/Data Limit] "Déclenchement de limite supérieure sur 'Temps'."
(06/13/2013 14:31:51) Warning [MPT/Data Limit] "Processus de limite de données terminé"
(06/13/2013 14:32:00) Warning [Stmgr] "Axial Déplacement -- Limite inférieure déclenchée."
(06/13/2013 14:32:00) Information [MPT Runtime] "Saisie interrompue"
(06/13/2013 14:32:00) Error [MPT Runtime] "Procédure en sécurité: Une action 'Rampe vers' ou 'Arrêt Au Niveau' a été déclenchée
 Temps d'exécution :  00:06:41 
 Compteurs de canaux :
    Axial -          0  Cycles"
(06/13/2013 14:32:00) Error [MPT Runtime] "Procédure en sécurité: Une action 'Rampe vers' ou 'Arrêt Au Niveau' a été déclenchée
 Temps d'exécution :  00:06:41 
 Compteurs de canaux :
    Axial -          0  Cycles"
(06/13/2013 14:32:01) Information [MPT Runtime] "Arrêté
 Temps d'exécution :  00:06:41 
 Compteurs de canaux :
    Axial -          0  Cycles"
