(05/30/2013 12:23:24) Warning [MPT/Data Limit] "Déclenchement de limite supérieure sur 'Temps'."
(05/30/2013 12:23:38) Information [MPT Message Log] "
'c:\mts 793\projects\project1\mpt\specimens\christian\specimen.log' enregistré dans 'c:\mts 793\projects\project1\mpt\specimens\christian\specimen001.log'."
(05/30/2013 12:23:24) Warning [MPT/Data Limit] "Processus de limite de données terminé"
(05/30/2013 12:23:35) Warning [MPT/Data Limit] "Déclenchement de limite supérieure sur 'Temps'."
(05/30/2013 12:23:35) Warning [MPT/Data Limit] "Processus de limite de données terminé"
(05/30/2013 12:23:45) Warning [MPT/Data Limit] "Déclenchement de limite supérieure sur 'Temps'."
(05/30/2013 12:23:45) Warning [MPT/Data Limit] "Processus de limite de données terminé"
(05/30/2013 12:23:56) Warning [MPT/Data Limit] "Déclenchement de limite supérieure sur 'Temps'."
(05/30/2013 12:23:56) Warning [MPT/Data Limit] "Processus de limite de données terminé"
(05/30/2013 12:24:07) Warning [MPT/Data Limit] "Déclenchement de limite supérieure sur 'Temps'."
(05/30/2013 12:24:07) Warning [MPT/Data Limit] "Processus de limite de données terminé"
(05/30/2013 12:24:17) Warning [MPT/Data Limit] "Déclenchement de limite supérieure sur 'Temps'."
(05/30/2013 12:24:17) Warning [MPT/Data Limit] "Processus de limite de données terminé"
(05/30/2013 12:24:28) Warning [MPT/Data Limit] "Déclenchement de limite supérieure sur 'Temps'."
(05/30/2013 12:24:28) Warning [MPT/Data Limit] "Processus de limite de données terminé"
(05/30/2013 12:24:39) Warning [MPT/Data Limit] "Déclenchement de limite supérieure sur 'Temps'."
(05/30/2013 12:24:39) Warning [MPT/Data Limit] "Processus de limite de données terminé"
(05/30/2013 12:24:49) Warning [MPT/Data Limit] "Déclenchement de limite supérieure sur 'Temps'."
(05/30/2013 12:24:49) Warning [MPT/Data Limit] "Processus de limite de données terminé"
(05/30/2013 12:25:00) Warning [MPT/Data Limit] "Déclenchement de limite supérieure sur 'Temps'."
(05/30/2013 12:25:00) Warning [MPT/Data Limit] "Processus de limite de données terminé"
(05/30/2013 12:25:10) Warning [MPT/Data Limit] "Déclenchement de limite supérieure sur 'Temps'."
(05/30/2013 12:25:10) Warning [MPT/Data Limit] "Processus de limite de données terminé"
(05/30/2013 12:25:21) Warning [MPT/Data Limit] "Déclenchement de limite supérieure sur 'Temps'."
(05/30/2013 12:25:21) Warning [MPT/Data Limit] "Processus de limite de données terminé"
(05/30/2013 12:25:32) Warning [MPT/Data Limit] "Déclenchement de limite supérieure sur 'Temps'."
(05/30/2013 12:25:32) Warning [MPT/Data Limit] "Processus de limite de données terminé"
(05/30/2013 12:25:42) Warning [MPT/Data Limit] "Déclenchement de limite supérieure sur 'Temps'."
(05/30/2013 12:25:42) Warning [MPT/Data Limit] "Processus de limite de données terminé"
(05/30/2013 12:25:53) Warning [MPT/Data Limit] "Déclenchement de limite supérieure sur 'Temps'."
(05/30/2013 12:25:53) Warning [MPT/Data Limit] "Processus de limite de données terminé"
(05/30/2013 12:26:03) Warning [MPT/Data Limit] "Déclenchement de limite supérieure sur 'Temps'."
(05/30/2013 12:26:03) Warning [MPT/Data Limit] "Processus de limite de données terminé"
(05/30/2013 12:26:14) Warning [MPT/Data Limit] "Déclenchement de limite supérieure sur 'Temps'."
(05/30/2013 12:26:14) Warning [MPT/Data Limit] "Processus de limite de données terminé"
(05/30/2013 12:26:25) Warning [MPT/Data Limit] "Déclenchement de limite supérieure sur 'Temps'."
(05/30/2013 12:26:25) Warning [MPT/Data Limit] "Processus de limite de données terminé"
(05/30/2013 12:26:35) Warning [MPT/Data Limit] "Déclenchement de limite supérieure sur 'Temps'."
(05/30/2013 12:26:35) Warning [MPT/Data Limit] "Processus de limite de données terminé"
(05/30/2013 12:26:46) Warning [MPT/Data Limit] "Déclenchement de limite supérieure sur 'Temps'."
(05/30/2013 12:26:46) Warning [MPT/Data Limit] "Processus de limite de données terminé"
(05/30/2013 12:26:56) Warning [MPT/Data Limit] "Déclenchement de limite supérieure sur 'Temps'."
(05/30/2013 12:26:56) Warning [MPT/Data Limit] "Processus de limite de données terminé"
(05/30/2013 12:27:07) Warning [MPT/Data Limit] "Déclenchement de limite supérieure sur 'Temps'."
(05/30/2013 12:27:07) Warning [MPT/Data Limit] "Processus de limite de données terminé"
(05/30/2013 12:27:18) Warning [MPT/Data Limit] "Déclenchement de limite supérieure sur 'Temps'."
(05/30/2013 12:27:18) Warning [MPT/Data Limit] "Processus de limite de données terminé"
(05/30/2013 12:27:28) Warning [MPT/Data Limit] "Déclenchement de limite supérieure sur 'Temps'."
(05/30/2013 12:27:28) Warning [MPT/Data Limit] "Processus de limite de données terminé"
(05/30/2013 12:27:39) Warning [MPT/Data Limit] "Déclenchement de limite supérieure sur 'Temps'."
(05/30/2013 12:27:39) Warning [MPT/Data Limit] "Processus de limite de données terminé"
(05/30/2013 12:27:49) Warning [MPT/Data Limit] "Déclenchement de limite supérieure sur 'Temps'."
(05/30/2013 12:27:49) Warning [MPT/Data Limit] "Processus de limite de données terminé"
(05/30/2013 12:28:00) Warning [MPT/Data Limit] "Déclenchement de limite supérieure sur 'Temps'."
(05/30/2013 12:28:00) Warning [MPT/Data Limit] "Processus de limite de données terminé"
(05/30/2013 12:28:11) Warning [MPT/Data Limit] "Déclenchement de limite supérieure sur 'Temps'."
(05/30/2013 12:28:11) Warning [MPT/Data Limit] "Processus de limite de données terminé"
(05/30/2013 12:28:21) Warning [MPT/Data Limit] "Déclenchement de limite supérieure sur 'Temps'."
(05/30/2013 12:28:21) Warning [MPT/Data Limit] "Processus de limite de données terminé"
(05/30/2013 12:28:32) Warning [MPT/Data Limit] "Déclenchement de limite supérieure sur 'Temps'."
(05/30/2013 12:28:32) Warning [MPT/Data Limit] "Processus de limite de données terminé"
(05/30/2013 12:28:43) Warning [MPT/Data Limit] "Déclenchement de limite supérieure sur 'Temps'."
(05/30/2013 12:28:43) Warning [MPT/Data Limit] "Processus de limite de données terminé"
(05/30/2013 12:28:53) Warning [MPT/Data Limit] "Déclenchement de limite supérieure sur 'Temps'."
(05/30/2013 12:28:53) Warning [MPT/Data Limit] "Processus de limite de données terminé"
(05/30/2013 12:29:04) Warning [MPT/Data Limit] "Déclenchement de limite supérieure sur 'Temps'."
(05/30/2013 12:29:04) Warning [MPT/Data Limit] "Processus de limite de données terminé"
(05/30/2013 12:29:14) Warning [MPT/Data Limit] "Déclenchement de limite supérieure sur 'Temps'."
(05/30/2013 12:29:14) Warning [MPT/Data Limit] "Processus de limite de données terminé"
(05/30/2013 12:29:25) Warning [MPT/Data Limit] "Déclenchement de limite supérieure sur 'Temps'."
(05/30/2013 12:29:25) Warning [MPT/Data Limit] "Processus de limite de données terminé"
(05/30/2013 12:29:36) Warning [MPT/Data Limit] "Déclenchement de limite supérieure sur 'Temps'."
(05/30/2013 12:29:36) Warning [MPT/Data Limit] "Processus de limite de données terminé"
(05/30/2013 12:29:46) Warning [MPT/Data Limit] "Déclenchement de limite supérieure sur 'Temps'."
(05/30/2013 12:29:46) Warning [MPT/Data Limit] "Processus de limite de données terminé"
(05/30/2013 12:29:57) Warning [MPT/Data Limit] "Déclenchement de limite supérieure sur 'Temps'."
(05/30/2013 12:29:57) Warning [MPT/Data Limit] "Processus de limite de données terminé"
(05/30/2013 12:30:07) Warning [MPT/Data Limit] "Déclenchement de limite supérieure sur 'Temps'."
(05/30/2013 12:30:07) Warning [MPT/Data Limit] "Processus de limite de données terminé"
(05/30/2013 12:30:18) Warning [MPT/Data Limit] "Déclenchement de limite supérieure sur 'Temps'."
(05/30/2013 12:30:18) Warning [MPT/Data Limit] "Processus de limite de données terminé"
(05/30/2013 12:30:29) Warning [MPT/Data Limit] "Déclenchement de limite supérieure sur 'Temps'."
(05/30/2013 12:30:29) Warning [MPT/Data Limit] "Processus de limite de données terminé"
(05/30/2013 12:30:39) Warning [MPT/Data Limit] "Déclenchement de limite supérieure sur 'Temps'."
(05/30/2013 12:30:39) Warning [MPT/Data Limit] "Processus de limite de données terminé"
(05/30/2013 12:30:50) Warning [MPT/Data Limit] "Déclenchement de limite supérieure sur 'Temps'."
(05/30/2013 12:30:50) Warning [MPT/Data Limit] "Processus de limite de données terminé"
(05/30/2013 12:31:00) Warning [MPT/Data Limit] "Déclenchement de limite supérieure sur 'Temps'."
(05/30/2013 12:31:00) Warning [MPT/Data Limit] "Processus de limite de données terminé"
(05/30/2013 12:31:11) Warning [MPT/Data Limit] "Déclenchement de limite supérieure sur 'Temps'."
(05/30/2013 12:31:11) Warning [MPT/Data Limit] "Processus de limite de données terminé"
(05/30/2013 12:31:22) Warning [MPT/Data Limit] "Déclenchement de limite supérieure sur 'Temps'."
(05/30/2013 12:31:22) Warning [MPT/Data Limit] "Processus de limite de données terminé"
(05/30/2013 12:31:32) Warning [MPT/Data Limit] "Déclenchement de limite supérieure sur 'Temps'."
(05/30/2013 12:31:32) Warning [MPT/Data Limit] "Processus de limite de données terminé"
(05/30/2013 12:31:43) Warning [MPT/Data Limit] "Déclenchement de limite supérieure sur 'Temps'."
(05/30/2013 12:31:43) Warning [MPT/Data Limit] "Processus de limite de données terminé"
(05/30/2013 12:31:53) Warning [MPT/Data Limit] "Déclenchement de limite supérieure sur 'Temps'."
(05/30/2013 12:31:53) Warning [MPT/Data Limit] "Processus de limite de données terminé"
(05/30/2013 12:32:04) Warning [MPT/Data Limit] "Déclenchement de limite supérieure sur 'Temps'."
(05/30/2013 12:32:04) Warning [MPT/Data Limit] "Processus de limite de données terminé"
(05/30/2013 12:32:15) Warning [MPT/Data Limit] "Déclenchement de limite supérieure sur 'Temps'."
(05/30/2013 12:32:15) Warning [MPT/Data Limit] "Processus de limite de données terminé"
(05/30/2013 12:32:25) Warning [MPT/Data Limit] "Déclenchement de limite supérieure sur 'Temps'."
(05/30/2013 12:32:25) Warning [MPT/Data Limit] "Processus de limite de données terminé"
(05/30/2013 12:32:36) Warning [MPT/Data Limit] "Déclenchement de limite supérieure sur 'Temps'."
(05/30/2013 12:32:36) Warning [MPT/Data Limit] "Processus de limite de données terminé"
(05/30/2013 12:32:47) Warning [MPT/Data Limit] "Déclenchement de limite supérieure sur 'Temps'."
(05/30/2013 12:32:47) Warning [MPT/Data Limit] "Processus de limite de données terminé"
(05/30/2013 12:32:57) Warning [MPT/Data Limit] "Déclenchement de limite supérieure sur 'Temps'."
(05/30/2013 12:32:57) Warning [MPT/Data Limit] "Processus de limite de données terminé"
(05/30/2013 12:33:08) Warning [MPT/Data Limit] "Déclenchement de limite supérieure sur 'Temps'."
(05/30/2013 12:33:08) Warning [MPT/Data Limit] "Processus de limite de données terminé"
(05/30/2013 12:33:18) Warning [MPT/Data Limit] "Déclenchement de limite supérieure sur 'Temps'."
(05/30/2013 12:33:18) Warning [MPT/Data Limit] "Processus de limite de données terminé"
(05/30/2013 12:33:29) Warning [MPT/Data Limit] "Déclenchement de limite supérieure sur 'Temps'."
(05/30/2013 12:33:29) Warning [MPT/Data Limit] "Processus de limite de données terminé"
(05/30/2013 12:33:40) Warning [MPT/Data Limit] "Déclenchement de limite supérieure sur 'Temps'."
(05/30/2013 12:33:40) Warning [MPT/Data Limit] "Processus de limite de données terminé"
(05/30/2013 12:33:50) Warning [MPT/Data Limit] "Déclenchement de limite supérieure sur 'Temps'."
(05/30/2013 12:33:50) Warning [MPT/Data Limit] "Processus de limite de données terminé"
(05/30/2013 12:34:01) Warning [MPT/Data Limit] "Déclenchement de limite supérieure sur 'Temps'."
(05/30/2013 12:34:01) Warning [MPT/Data Limit] "Processus de limite de données terminé"
(05/30/2013 12:34:11) Warning [MPT/Data Limit] "Déclenchement de limite supérieure sur 'Temps'."
(05/30/2013 12:34:11) Warning [MPT/Data Limit] "Processus de limite de données terminé"
(05/30/2013 12:34:22) Warning [MPT/Data Limit] "Déclenchement de limite supérieure sur 'Temps'."
(05/30/2013 12:34:22) Warning [MPT/Data Limit] "Processus de limite de données terminé"
(05/30/2013 12:34:33) Warning [MPT/Data Limit] "Déclenchement de limite supérieure sur 'Temps'."
(05/30/2013 12:34:33) Warning [MPT/Data Limit] "Processus de limite de données terminé"
(05/30/2013 12:34:43) Warning [MPT/Data Limit] "Déclenchement de limite supérieure sur 'Temps'."
(05/30/2013 12:34:43) Warning [MPT/Data Limit] "Processus de limite de données terminé"
(05/30/2013 12:34:54) Warning [MPT/Data Limit] "Déclenchement de limite supérieure sur 'Temps'."
(05/30/2013 12:34:54) Warning [MPT/Data Limit] "Processus de limite de données terminé"
(05/30/2013 12:35:04) Warning [MPT/Data Limit] "Déclenchement de limite supérieure sur 'Temps'."
(05/30/2013 12:35:04) Warning [MPT/Data Limit] "Processus de limite de données terminé"
(05/30/2013 12:35:15) Warning [MPT/Data Limit] "Déclenchement de limite supérieure sur 'Temps'."
(05/30/2013 12:35:15) Warning [MPT/Data Limit] "Processus de limite de données terminé"
(05/30/2013 12:35:26) Warning [MPT/Data Limit] "Déclenchement de limite supérieure sur 'Temps'."
(05/30/2013 12:35:26) Warning [MPT/Data Limit] "Processus de limite de données terminé"
(05/30/2013 12:35:36) Warning [MPT/Data Limit] "Déclenchement de limite supérieure sur 'Temps'."
(05/30/2013 12:35:36) Warning [MPT/Data Limit] "Processus de limite de données terminé"
(05/30/2013 12:35:47) Warning [MPT/Data Limit] "Déclenchement de limite supérieure sur 'Temps'."
(05/30/2013 12:35:47) Warning [MPT/Data Limit] "Processus de limite de données terminé"
(05/30/2013 12:35:58) Warning [MPT/Data Limit] "Déclenchement de limite supérieure sur 'Temps'."
(05/30/2013 12:35:58) Warning [MPT/Data Limit] "Processus de limite de données terminé"
(05/30/2013 12:36:08) Warning [MPT/Data Limit] "Déclenchement de limite supérieure sur 'Temps'."
(05/30/2013 12:36:08) Warning [MPT/Data Limit] "Processus de limite de données terminé"
(05/30/2013 12:36:19) Warning [MPT/Data Limit] "Déclenchement de limite supérieure sur 'Temps'."
(05/30/2013 12:36:19) Warning [MPT/Data Limit] "Processus de limite de données terminé"
(05/30/2013 12:36:29) Warning [MPT/Data Limit] "Déclenchement de limite supérieure sur 'Temps'."
(05/30/2013 12:36:29) Warning [MPT/Data Limit] "Processus de limite de données terminé"
(05/30/2013 12:36:40) Warning [MPT/Data Limit] "Déclenchement de limite supérieure sur 'Temps'."
(05/30/2013 12:36:40) Warning [MPT/Data Limit] "Processus de limite de données terminé"
(05/30/2013 12:36:51) Warning [MPT/Data Limit] "Déclenchement de limite supérieure sur 'Temps'."
(05/30/2013 12:36:51) Warning [MPT/Data Limit] "Processus de limite de données terminé"
(05/30/2013 12:37:01) Warning [MPT/Data Limit] "Déclenchement de limite supérieure sur 'Temps'."
(05/30/2013 12:37:01) Warning [MPT/Data Limit] "Processus de limite de données terminé"
(05/30/2013 12:37:12) Warning [MPT/Data Limit] "Déclenchement de limite supérieure sur 'Temps'."
(05/30/2013 12:37:12) Warning [MPT/Data Limit] "Processus de limite de données terminé"
(05/30/2013 12:37:22) Warning [MPT/Data Limit] "Déclenchement de limite supérieure sur 'Temps'."
(05/30/2013 12:37:22) Warning [MPT/Data Limit] "Processus de limite de données terminé"
(05/30/2013 12:37:33) Warning [MPT/Data Limit] "Déclenchement de limite supérieure sur 'Temps'."
(05/30/2013 12:37:33) Warning [MPT/Data Limit] "Processus de limite de données terminé"
(05/30/2013 12:37:44) Warning [MPT/Data Limit] "Déclenchement de limite supérieure sur 'Temps'."
(05/30/2013 12:37:44) Warning [MPT/Data Limit] "Processus de limite de données terminé"
(05/30/2013 12:37:54) Warning [MPT/Data Limit] "Déclenchement de limite supérieure sur 'Temps'."
(05/30/2013 12:37:54) Warning [MPT/Data Limit] "Processus de limite de données terminé"
(05/30/2013 12:38:05) Warning [MPT/Data Limit] "Déclenchement de limite supérieure sur 'Temps'."
(05/30/2013 12:38:05) Warning [MPT/Data Limit] "Processus de limite de données terminé"
(05/30/2013 12:38:15) Warning [MPT/Data Limit] "Déclenchement de limite supérieure sur 'Temps'."
(05/30/2013 12:38:15) Warning [MPT/Data Limit] "Processus de limite de données terminé"
(05/30/2013 12:38:26) Warning [MPT/Data Limit] "Déclenchement de limite supérieure sur 'Temps'."
(05/30/2013 12:38:26) Warning [MPT/Data Limit] "Processus de limite de données terminé"
(05/30/2013 12:38:37) Warning [MPT/Data Limit] "Déclenchement de limite supérieure sur 'Temps'."
(05/30/2013 12:38:37) Warning [MPT/Data Limit] "Processus de limite de données terminé"
(05/30/2013 12:38:47) Warning [MPT/Data Limit] "Déclenchement de limite supérieure sur 'Temps'."
(05/30/2013 12:38:47) Warning [MPT/Data Limit] "Processus de limite de données terminé"
(05/30/2013 12:38:58) Warning [MPT/Data Limit] "Déclenchement de limite supérieure sur 'Temps'."
(05/30/2013 12:38:58) Warning [MPT/Data Limit] "Processus de limite de données terminé"
(05/30/2013 12:39:08) Warning [MPT/Data Limit] "Déclenchement de limite supérieure sur 'Temps'."
(05/30/2013 12:39:08) Warning [MPT/Data Limit] "Processus de limite de données terminé"
(05/30/2013 12:39:19) Warning [MPT/Data Limit] "Déclenchement de limite supérieure sur 'Temps'."
(05/30/2013 12:39:19) Warning [MPT/Data Limit] "Processus de limite de données terminé"
(05/30/2013 12:39:30) Warning [MPT/Data Limit] "Déclenchement de limite supérieure sur 'Temps'."
(05/30/2013 12:39:30) Warning [MPT/Data Limit] "Processus de limite de données terminé"
(05/30/2013 12:39:40) Warning [MPT/Data Limit] "Déclenchement de limite supérieure sur 'Temps'."
(05/30/2013 12:39:40) Warning [MPT/Data Limit] "Processus de limite de données terminé"
(05/30/2013 12:39:51) Warning [MPT/Data Limit] "Déclenchement de limite supérieure sur 'Temps'."
(05/30/2013 12:39:51) Warning [MPT/Data Limit] "Processus de limite de données terminé"
(05/30/2013 12:40:02) Warning [MPT/Data Limit] "Déclenchement de limite supérieure sur 'Temps'."
(05/30/2013 12:40:02) Warning [MPT/Data Limit] "Processus de limite de données terminé"
(05/30/2013 12:40:12) Warning [MPT/Data Limit] "Déclenchement de limite supérieure sur 'Temps'."
(05/30/2013 12:40:12) Warning [MPT/Data Limit] "Processus de limite de données terminé"
(05/30/2013 12:40:23) Warning [MPT/Data Limit] "Déclenchement de limite supérieure sur 'Temps'."
(05/30/2013 12:40:23) Warning [MPT/Data Limit] "Processus de limite de données terminé"
(05/30/2013 12:40:33) Warning [MPT/Data Limit] "Déclenchement de limite supérieure sur 'Temps'."
(05/30/2013 12:40:33) Warning [MPT/Data Limit] "Processus de limite de données terminé"
(05/30/2013 12:40:44) Warning [MPT/Data Limit] "Déclenchement de limite supérieure sur 'Temps'."
(05/30/2013 12:40:44) Warning [MPT/Data Limit] "Processus de limite de données terminé"
(05/30/2013 12:40:55) Warning [MPT/Data Limit] "Déclenchement de limite supérieure sur 'Temps'."
(05/30/2013 12:40:55) Warning [MPT/Data Limit] "Processus de limite de données terminé"
(05/30/2013 12:41:05) Warning [MPT/Data Limit] "Déclenchement de limite supérieure sur 'Temps'."
(05/30/2013 12:41:05) Warning [MPT/Data Limit] "Processus de limite de données terminé"
(05/30/2013 12:41:16) Warning [MPT/Data Limit] "Déclenchement de limite supérieure sur 'Temps'."
(05/30/2013 12:41:16) Warning [MPT/Data Limit] "Processus de limite de données terminé"
(05/30/2013 12:41:26) Warning [MPT/Data Limit] "Déclenchement de limite supérieure sur 'Temps'."
(05/30/2013 12:41:26) Warning [MPT/Data Limit] "Processus de limite de données terminé"
(05/30/2013 12:41:37) Warning [MPT/Data Limit] "Déclenchement de limite supérieure sur 'Temps'."
(05/30/2013 12:41:37) Warning [MPT/Data Limit] "Processus de limite de données terminé"
(05/30/2013 12:41:38) Information [MPT Runtime] "Saisie interrompue"
(05/30/2013 12:41:38) Information [MPT Runtime] "Arrêté
 Temps d'exécution :  00:42:48 
 Compteurs de canaux :
    Axial -          0  Cycles"
(05/30/2013 12:43:38) Information [Stmgr] "HSM-J28 -- Hors pression."
